[INIT]
[INFO]: Binding to port 17050
[INFO]: Listening on port 17050
[INFO]: Connected to rank 1
[ERROR]: Failed to connect to rank 2: Connection refused
[INFO]: Connected to rank 2
[INFO]: Rank=0 ClockRate=3
[INTERNAL] SysTime=15:33:22 Node=0 LogicalClock=1
[RECEIVE] SysTime=15:33:23 Node=0 From=1 QueueLen=0 LogicalClock=4
[RECEIVE] SysTime=15:33:23 Node=0 From=1 QueueLen=0 LogicalClock=5
[INTERNAL] SysTime=15:33:23 Node=0 LogicalClock=6
[RECEIVE] SysTime=15:33:24 Node=0 From=1 QueueLen=0 LogicalClock=8
[INTERNAL] SysTime=15:33:24 Node=0 LogicalClock=9
[RECEIVE] SysTime=15:33:24 Node=0 From=2 QueueLen=1 LogicalClock=10
[RECEIVE] SysTime=15:33:25 Node=0 From=1 QueueLen=0 LogicalClock=11
[RECEIVE] SysTime=15:33:25 Node=0 From=2 QueueLen=0 LogicalClock=12
[RECEIVE] SysTime=15:33:25 Node=0 From=2 QueueLen=0 LogicalClock=13
[INTERNAL] SysTime=15:33:26 Node=0 LogicalClock=14
[INTERNAL] SysTime=15:33:26 Node=0 LogicalClock=15
[RECEIVE] SysTime=15:33:26 Node=0 From=2 QueueLen=0 LogicalClock=16
[INTERNAL] SysTime=15:33:27 Node=0 LogicalClock=17
[INTERNAL] SysTime=15:33:27 Node=0 LogicalClock=18
[INTERNAL] SysTime=15:33:27 Node=0 LogicalClock=19
[INTERNAL] SysTime=15:33:28 Node=0 LogicalClock=20
[INTERNAL] SysTime=15:33:28 Node=0 LogicalClock=21
[INTERNAL] SysTime=15:33:28 Node=0 LogicalClock=22
[INTERNAL] SysTime=15:33:29 Node=0 LogicalClock=23
[INTERNAL] SysTime=15:33:29 Node=0 LogicalClock=24
[RECEIVE] SysTime=15:33:29 Node=0 From=2 QueueLen=1 LogicalClock=25
[RECEIVE] SysTime=15:33:30 Node=0 From=1 QueueLen=1 LogicalClock=26
[RECEIVE] SysTime=15:33:30 Node=0 From=1 QueueLen=1 LogicalClock=27
[RECEIVE] SysTime=15:33:30 Node=0 From=1 QueueLen=0 LogicalClock=28
[SEND to 1] SysTime=15:33:31 LogicalClock=29
[SEND to 2] SysTime=15:33:31 LogicalClock=29
[INTERNAL] SysTime=15:33:31 Node=0 LogicalClock=30
[INTERNAL] SysTime=15:33:31 Node=0 LogicalClock=31
[RECEIVE] SysTime=15:33:32 Node=0 From=1 QueueLen=0 LogicalClock=32
[INTERNAL] SysTime=15:33:32 Node=0 LogicalClock=33
[SEND to 1] SysTime=15:33:32 LogicalClock=34
[SEND to 2] SysTime=15:33:32 LogicalClock=34
[INTERNAL] SysTime=15:33:33 Node=0 LogicalClock=35
[INTERNAL] SysTime=15:33:33 Node=0 LogicalClock=36
[RECEIVE] SysTime=15:33:33 Node=0 From=2 QueueLen=0 LogicalClock=37
[RECEIVE] SysTime=15:33:34 Node=0 From=2 QueueLen=0 LogicalClock=38
[SEND to 1] SysTime=15:33:34 LogicalClock=39
[SEND to 2] SysTime=15:33:34 LogicalClock=39
[RECEIVE] SysTime=15:33:34 Node=0 From=2 QueueLen=0 LogicalClock=40
[SEND to 1] SysTime=15:33:35 LogicalClock=41
[INTERNAL] SysTime=15:33:35 Node=0 LogicalClock=42
[SEND to 1] SysTime=15:33:35 LogicalClock=43
[RECEIVE] SysTime=15:33:36 Node=0 From=2 QueueLen=0 LogicalClock=44
[INTERNAL] SysTime=15:33:36 Node=0 LogicalClock=45
[RECEIVE] SysTime=15:33:36 Node=0 From=2 QueueLen=0 LogicalClock=46
[RECEIVE] SysTime=15:33:37 Node=0 From=1 QueueLen=0 LogicalClock=47
[RECEIVE] SysTime=15:33:38 Node=0 From=1 QueueLen=1 LogicalClock=48
[RECEIVE] SysTime=15:33:38 Node=0 From=1 QueueLen=0 LogicalClock=49
[INTERNAL] SysTime=15:33:38 Node=0 LogicalClock=50
[INTERNAL] SysTime=15:33:38 Node=0 LogicalClock=51
[RECEIVE] SysTime=15:33:38 Node=0 From=2 QueueLen=0 LogicalClock=52
[INTERNAL] SysTime=15:33:39 Node=0 LogicalClock=53
[INTERNAL] SysTime=15:33:39 Node=0 LogicalClock=54
[RECEIVE] SysTime=15:33:39 Node=0 From=2 QueueLen=0 LogicalClock=55
[INTERNAL] SysTime=15:33:40 Node=0 LogicalClock=56
[INTERNAL] SysTime=15:33:40 Node=0 LogicalClock=57
[RECEIVE] SysTime=15:33:40 Node=0 From=1 QueueLen=0 LogicalClock=58
[INTERNAL] SysTime=15:33:41 Node=0 LogicalClock=59
[INTERNAL] SysTime=15:33:41 Node=0 LogicalClock=60
[INTERNAL] SysTime=15:33:41 Node=0 LogicalClock=61
[INTERNAL] SysTime=15:33:42 Node=0 LogicalClock=62
[RECEIVE] SysTime=15:33:42 Node=0 From=2 QueueLen=0 LogicalClock=63
[RECEIVE] SysTime=15:33:42 Node=0 From=2 QueueLen=0 LogicalClock=64
[INTERNAL] SysTime=15:33:43 Node=0 LogicalClock=65
[INTERNAL] SysTime=15:33:43 Node=0 LogicalClock=66
[RECEIVE] SysTime=15:33:43 Node=0 From=2 QueueLen=0 LogicalClock=67
[INTERNAL] SysTime=15:33:44 Node=0 LogicalClock=68
[INTERNAL] SysTime=15:33:44 Node=0 LogicalClock=69
[INTERNAL] SysTime=15:33:44 Node=0 LogicalClock=70
[INTERNAL] SysTime=15:33:45 Node=0 LogicalClock=71
[SEND to 1] SysTime=15:33:45 LogicalClock=72
[SEND to 2] SysTime=15:33:45 LogicalClock=72
[INTERNAL] SysTime=15:33:45 Node=0 LogicalClock=73
[INTERNAL] SysTime=15:33:46 Node=0 LogicalClock=74
[RECEIVE] SysTime=15:33:46 Node=0 From=1 QueueLen=0 LogicalClock=75
[INTERNAL] SysTime=15:33:46 Node=0 LogicalClock=76
[INTERNAL] SysTime=15:33:47 Node=0 LogicalClock=77
[RECEIVE] SysTime=15:33:47 Node=0 From=1 QueueLen=0 LogicalClock=78
[SEND to 1] SysTime=15:33:47 LogicalClock=79
[RECEIVE] SysTime=15:33:48 Node=0 From=2 QueueLen=0 LogicalClock=80
[INTERNAL] SysTime=15:33:48 Node=0 LogicalClock=81
[INTERNAL] SysTime=15:33:48 Node=0 LogicalClock=82
[RECEIVE] SysTime=15:33:49 Node=0 From=2 QueueLen=0 LogicalClock=83
[INTERNAL] SysTime=15:33:49 Node=0 LogicalClock=84
[SEND to 2] SysTime=15:33:49 LogicalClock=85
[RECEIVE] SysTime=15:33:50 Node=0 From=1 QueueLen=0 LogicalClock=86
[INTERNAL] SysTime=15:33:50 Node=0 LogicalClock=87
[INTERNAL] SysTime=15:33:50 Node=0 LogicalClock=88
[SEND to 1] SysTime=15:33:51 LogicalClock=89
[RECEIVE] SysTime=15:33:51 Node=0 From=1 QueueLen=1 LogicalClock=90
[RECEIVE] SysTime=15:33:51 Node=0 From=2 QueueLen=0 LogicalClock=91
[INTERNAL] SysTime=15:33:52 Node=0 LogicalClock=92
[INTERNAL] SysTime=15:33:52 Node=0 LogicalClock=93
[RECEIVE] SysTime=15:33:52 Node=0 From=2 QueueLen=0 LogicalClock=94
[INTERNAL] SysTime=15:33:53 Node=0 LogicalClock=95
[INTERNAL] SysTime=15:33:53 Node=0 LogicalClock=96
[RECEIVE] SysTime=15:33:53 Node=0 From=2 QueueLen=0 LogicalClock=97
[RECEIVE] SysTime=15:33:54 Node=0 From=1 QueueLen=0 LogicalClock=98
[RECEIVE] SysTime=15:33:54 Node=0 From=1 QueueLen=0 LogicalClock=99
[SEND to 1] SysTime=15:33:54 LogicalClock=100
[INTERNAL] SysTime=15:33:55 Node=0 LogicalClock=101
[RECEIVE] SysTime=15:33:55 Node=0 From=1 QueueLen=0 LogicalClock=102
[INTERNAL] SysTime=15:33:55 Node=0 LogicalClock=103
[INTERNAL] SysTime=15:33:56 Node=0 LogicalClock=104
[INTERNAL] SysTime=15:33:56 Node=0 LogicalClock=105
[RECEIVE] SysTime=15:33:56 Node=0 From=2 QueueLen=0 LogicalClock=106
[RECEIVE] SysTime=15:33:57 Node=0 From=2 QueueLen=0 LogicalClock=107
[INTERNAL] SysTime=15:33:57 Node=0 LogicalClock=108
[RECEIVE] SysTime=15:33:57 Node=0 From=2 QueueLen=0 LogicalClock=109
[INTERNAL] SysTime=15:33:58 Node=0 LogicalClock=110
[INTERNAL] SysTime=15:33:58 Node=0 LogicalClock=111
[INTERNAL] SysTime=15:33:58 Node=0 LogicalClock=112
[INTERNAL] SysTime=15:33:59 Node=0 LogicalClock=113
[INTERNAL] SysTime=15:33:59 Node=0 LogicalClock=114
[RECEIVE] SysTime=15:33:59 Node=0 From=1 QueueLen=0 LogicalClock=115
[RECEIVE] SysTime=15:34:00 Node=0 From=1 QueueLen=0 LogicalClock=116
[SEND to 1] SysTime=15:34:00 LogicalClock=117
[SEND to 2] SysTime=15:34:00 LogicalClock=117
[RECEIVE] SysTime=15:34:00 Node=0 From=1 QueueLen=0 LogicalClock=118
[SEND to 1] SysTime=15:34:01 LogicalClock=119
[SEND to 2] SysTime=15:34:01 LogicalClock=119
[INTERNAL] SysTime=15:34:01 Node=0 LogicalClock=120
[INTERNAL] SysTime=15:34:01 Node=0 LogicalClock=121
[SEND to 1] SysTime=15:34:02 LogicalClock=122
[RECEIVE] SysTime=15:34:02 Node=0 From=2 QueueLen=0 LogicalClock=123
[INTERNAL] SysTime=15:34:02 Node=0 LogicalClock=124
[SEND to 2] SysTime=15:34:03 LogicalClock=125
[INTERNAL] SysTime=15:34:03 Node=0 LogicalClock=126
[SEND to 1] SysTime=15:34:03 LogicalClock=127
[INTERNAL] SysTime=15:34:04 Node=0 LogicalClock=128
[INTERNAL] SysTime=15:34:04 Node=0 LogicalClock=129
[INTERNAL] SysTime=15:34:04 Node=0 LogicalClock=130
[INTERNAL] SysTime=15:34:05 Node=0 LogicalClock=131
[INTERNAL] SysTime=15:34:05 Node=0 LogicalClock=132
[SEND to 1] SysTime=15:34:05 LogicalClock=133
[INTERNAL] SysTime=15:34:06 Node=0 LogicalClock=134
[SEND to 1] SysTime=15:34:06 LogicalClock=135
[RECEIVE] SysTime=15:34:06 Node=0 From=2 QueueLen=0 LogicalClock=136
[INTERNAL] SysTime=15:34:07 Node=0 LogicalClock=137
[INTERNAL] SysTime=15:34:07 Node=0 LogicalClock=138
[INTERNAL] SysTime=15:34:07 Node=0 LogicalClock=139
[RECEIVE] SysTime=15:34:08 Node=0 From=2 QueueLen=0 LogicalClock=140
[RECEIVE] SysTime=15:34:08 Node=0 From=1 QueueLen=0 LogicalClock=141
[RECEIVE] SysTime=15:34:08 Node=0 From=1 QueueLen=0 LogicalClock=142
[INTERNAL] SysTime=15:34:09 Node=0 LogicalClock=143
[RECEIVE] SysTime=15:34:09 Node=0 From=2 QueueLen=0 LogicalClock=144
[RECEIVE] SysTime=15:34:09 Node=0 From=1 QueueLen=0 LogicalClock=145
[RECEIVE] SysTime=15:34:10 Node=0 From=2 QueueLen=0 LogicalClock=146
[RECEIVE] SysTime=15:34:11 Node=0 From=1 QueueLen=1 LogicalClock=147
[RECEIVE] SysTime=15:34:11 Node=0 From=1 QueueLen=0 LogicalClock=148
[INTERNAL] SysTime=15:34:11 Node=0 LogicalClock=149
[INTERNAL] SysTime=15:34:11 Node=0 LogicalClock=150
[INTERNAL] SysTime=15:34:11 Node=0 LogicalClock=151
[RECEIVE] SysTime=15:34:12 Node=0 From=1 QueueLen=0 LogicalClock=152
[INTERNAL] SysTime=15:34:12 Node=0 LogicalClock=153
[RECEIVE] SysTime=15:34:12 Node=0 From=1 QueueLen=0 LogicalClock=154
[INTERNAL] SysTime=15:34:13 Node=0 LogicalClock=155
[INTERNAL] SysTime=15:34:13 Node=0 LogicalClock=156
[INTERNAL] SysTime=15:34:13 Node=0 LogicalClock=157
[RECEIVE] SysTime=15:34:14 Node=0 From=1 QueueLen=0 LogicalClock=158
[RECEIVE] SysTime=15:34:14 Node=0 From=2 QueueLen=0 LogicalClock=159
[INTERNAL] SysTime=15:34:14 Node=0 LogicalClock=160
[INTERNAL] SysTime=15:34:15 Node=0 LogicalClock=161
[SEND to 1] SysTime=15:34:15 LogicalClock=162
[SEND to 2] SysTime=15:34:15 LogicalClock=162
[INTERNAL] SysTime=15:34:15 Node=0 LogicalClock=163
[SEND to 1] SysTime=15:34:16 LogicalClock=164
[RECEIVE] SysTime=15:34:16 Node=0 From=2 QueueLen=0 LogicalClock=165
[INTERNAL] SysTime=15:34:16 Node=0 LogicalClock=166
[INTERNAL] SysTime=15:34:17 Node=0 LogicalClock=167
[SEND to 1] SysTime=15:34:17 LogicalClock=168
[SEND to 2] SysTime=15:34:17 LogicalClock=168
[INTERNAL] SysTime=15:34:17 Node=0 LogicalClock=169
[INTERNAL] SysTime=15:34:18 Node=0 LogicalClock=170
[SEND to 2] SysTime=15:34:18 LogicalClock=171
[INTERNAL] SysTime=15:34:18 Node=0 LogicalClock=172
[INTERNAL] SysTime=15:34:19 Node=0 LogicalClock=173
[SEND to 1] SysTime=15:34:19 LogicalClock=174
[SEND to 2] SysTime=15:34:19 LogicalClock=174
[RECEIVE] SysTime=15:34:19 Node=0 From=1 QueueLen=0 LogicalClock=175
[INTERNAL] SysTime=15:34:20 Node=0 LogicalClock=176
[SEND to 1] SysTime=15:34:20 LogicalClock=177
[SEND to 2] SysTime=15:34:20 LogicalClock=177
[INTERNAL] SysTime=15:34:20 Node=0 LogicalClock=178
[RECEIVE] SysTime=15:34:21 Node=0 From=1 QueueLen=0 LogicalClock=179
[INTERNAL] SysTime=15:34:21 Node=0 LogicalClock=180
[INTERNAL] SysTime=15:34:21 Node=0 LogicalClock=181
[INTERNAL] SysTime=15:34:22 Node=0 LogicalClock=182
[RECEIVE] SysTime=15:34:22 Node=0 From=2 QueueLen=0 LogicalClock=183
[INFO]: Shutting down
[INFO]: Shut down
