[INIT]
[INFO]: Binding to port 17051
[INFO]: Listening on port 17051
[INFO]: Waiting for connect
[INFO]: Accepted channel from rank 0
[INFO]: Connected to rank 2
[INFO]: Rank=1 ClockRate=3
[INTERNAL] SysTime=15:33:21 Node=1 LogicalClock=1
[SEND to 2] SysTime=15:33:22 LogicalClock=2
[INTERNAL] SysTime=15:33:22 Node=1 LogicalClock=3
[SEND to 0] SysTime=15:33:22 LogicalClock=4
[SEND to 2] SysTime=15:33:22 LogicalClock=4
[SEND to 0] SysTime=15:33:23 LogicalClock=5
[SEND to 2] SysTime=15:33:23 LogicalClock=5
[INTERNAL] SysTime=15:33:23 Node=1 LogicalClock=6
[INTERNAL] SysTime=15:33:23 Node=1 LogicalClock=7
[SEND to 0] SysTime=15:33:24 LogicalClock=8
[SEND to 2] SysTime=15:33:24 LogicalClock=8
[INTERNAL] SysTime=15:33:24 Node=1 LogicalClock=9
[SEND to 0] SysTime=15:33:24 LogicalClock=10
[INTERNAL] SysTime=15:33:25 Node=1 LogicalClock=11
[RECEIVE] SysTime=15:33:25 Node=1 From=2 QueueLen=0 LogicalClock=12
[RECEIVE] SysTime=15:33:25 Node=1 From=2 QueueLen=0 LogicalClock=13
[INTERNAL] SysTime=15:33:26 Node=1 LogicalClock=14
[INTERNAL] SysTime=15:33:26 Node=1 LogicalClock=15
[RECEIVE] SysTime=15:33:26 Node=1 From=2 QueueLen=0 LogicalClock=16
[INTERNAL] SysTime=15:33:27 Node=1 LogicalClock=17
[RECEIVE] SysTime=15:33:27 Node=1 From=2 QueueLen=0 LogicalClock=18
[INTERNAL] SysTime=15:33:27 Node=1 LogicalClock=19
[SEND to 2] SysTime=15:33:28 LogicalClock=20
[INTERNAL] SysTime=15:33:28 Node=1 LogicalClock=21
[INTERNAL] SysTime=15:33:28 Node=1 LogicalClock=22
[INTERNAL] SysTime=15:33:29 Node=1 LogicalClock=23
[INTERNAL] SysTime=15:33:29 Node=1 LogicalClock=24
[SEND to 0] SysTime=15:33:29 LogicalClock=25
[SEND to 2] SysTime=15:33:29 LogicalClock=25
[SEND to 0] SysTime=15:33:30 LogicalClock=26
[SEND to 2] SysTime=15:33:30 LogicalClock=26
[SEND to 0] SysTime=15:33:30 LogicalClock=27
[SEND to 2] SysTime=15:33:30 LogicalClock=28
[INTERNAL] SysTime=15:33:31 Node=1 LogicalClock=29
[RECEIVE] SysTime=15:33:31 Node=1 From=0 QueueLen=0 LogicalClock=30
[INTERNAL] SysTime=15:33:31 Node=1 LogicalClock=31
[SEND to 0] SysTime=15:33:32 LogicalClock=32
[SEND to 2] SysTime=15:33:32 LogicalClock=32
[INTERNAL] SysTime=15:33:32 Node=1 LogicalClock=33
[SEND to 2] SysTime=15:33:32 LogicalClock=34
[RECEIVE] SysTime=15:33:33 Node=1 From=0 QueueLen=0 LogicalClock=35
[INTERNAL] SysTime=15:33:33 Node=1 LogicalClock=36
[RECEIVE] SysTime=15:33:33 Node=1 From=2 QueueLen=0 LogicalClock=37
[RECEIVE] SysTime=15:33:34 Node=1 From=2 QueueLen=0 LogicalClock=38
[RECEIVE] SysTime=15:33:34 Node=1 From=2 QueueLen=0 LogicalClock=39
[RECEIVE] SysTime=15:33:34 Node=1 From=0 QueueLen=0 LogicalClock=40
[INTERNAL] SysTime=15:33:35 Node=1 LogicalClock=41
[RECEIVE] SysTime=15:33:35 Node=1 From=0 QueueLen=0 LogicalClock=42
[INTERNAL] SysTime=15:33:35 Node=1 LogicalClock=43
[RECEIVE] SysTime=15:33:36 Node=1 From=0 QueueLen=1 LogicalClock=44
[RECEIVE] SysTime=15:33:36 Node=1 From=2 QueueLen=0 LogicalClock=45
[SEND to 2] SysTime=15:33:36 LogicalClock=46
[SEND to 0] SysTime=15:33:37 LogicalClock=47
[SEND to 0] SysTime=15:33:38 LogicalClock=48
[SEND to 0] SysTime=15:33:38 LogicalClock=49
[SEND to 2] SysTime=15:33:38 LogicalClock=49
[INTERNAL] SysTime=15:33:38 Node=1 LogicalClock=50
[INTERNAL] SysTime=15:33:38 Node=1 LogicalClock=51
[INTERNAL] SysTime=15:33:38 Node=1 LogicalClock=52
[RECEIVE] SysTime=15:33:39 Node=1 From=2 QueueLen=0 LogicalClock=53
[RECEIVE] SysTime=15:33:39 Node=1 From=2 QueueLen=0 LogicalClock=54
[RECEIVE] SysTime=15:33:39 Node=1 From=2 QueueLen=0 LogicalClock=55
[INTERNAL] SysTime=15:33:40 Node=1 LogicalClock=56
[SEND to 2] SysTime=15:33:40 LogicalClock=57
[SEND to 0] SysTime=15:33:40 LogicalClock=58
[SEND to 2] SysTime=15:33:40 LogicalClock=58
[INTERNAL] SysTime=15:33:41 Node=1 LogicalClock=59
[INTERNAL] SysTime=15:33:41 Node=1 LogicalClock=60
[SEND to 2] SysTime=15:33:41 LogicalClock=61
[INTERNAL] SysTime=15:33:42 Node=1 LogicalClock=62
[INTERNAL] SysTime=15:33:42 Node=1 LogicalClock=63
[RECEIVE] SysTime=15:33:42 Node=1 From=2 QueueLen=0 LogicalClock=64
[INTERNAL] SysTime=15:33:43 Node=1 LogicalClock=65
[INTERNAL] SysTime=15:33:43 Node=1 LogicalClock=66
[INTERNAL] SysTime=15:33:43 Node=1 LogicalClock=67
[INTERNAL] SysTime=15:33:44 Node=1 LogicalClock=68
[INTERNAL] SysTime=15:33:44 Node=1 LogicalClock=69
[INTERNAL] SysTime=15:33:44 Node=1 LogicalClock=70
[INTERNAL] SysTime=15:33:45 Node=1 LogicalClock=71
[SEND to 2] SysTime=15:33:45 LogicalClock=72
[RECEIVE] SysTime=15:33:45 Node=1 From=0 QueueLen=0 LogicalClock=73
[INTERNAL] SysTime=15:33:46 Node=1 LogicalClock=74
[SEND to 0] SysTime=15:33:46 LogicalClock=75
[SEND to 2] SysTime=15:33:46 LogicalClock=75
[INTERNAL] SysTime=15:33:46 Node=1 LogicalClock=76
[SEND to 0] SysTime=15:33:47 LogicalClock=77
[INTERNAL] SysTime=15:33:47 Node=1 LogicalClock=78
[INTERNAL] SysTime=15:33:47 Node=1 LogicalClock=79
[RECEIVE] SysTime=15:33:48 Node=1 From=0 QueueLen=0 LogicalClock=80
[SEND to 2] SysTime=15:33:48 LogicalClock=81
[INTERNAL] SysTime=15:33:48 Node=1 LogicalClock=82
[RECEIVE] SysTime=15:33:49 Node=1 From=2 QueueLen=0 LogicalClock=83
[INTERNAL] SysTime=15:33:49 Node=1 LogicalClock=84
[RECEIVE] SysTime=15:33:49 Node=1 From=2 QueueLen=0 LogicalClock=85
[SEND to 0] SysTime=15:33:50 LogicalClock=86
[SEND to 2] SysTime=15:33:50 LogicalClock=86
[INTERNAL] SysTime=15:33:50 Node=1 LogicalClock=87
[INTERNAL] SysTime=15:33:50 Node=1 LogicalClock=88
[SEND to 0] SysTime=15:33:51 LogicalClock=89
[SEND to 2] SysTime=15:33:51 LogicalClock=89
[RECEIVE] SysTime=15:33:51 Node=1 From=0 QueueLen=0 LogicalClock=90
[INTERNAL] SysTime=15:33:51 Node=1 LogicalClock=91
[INTERNAL] SysTime=15:33:52 Node=1 LogicalClock=92
[INTERNAL] SysTime=15:33:52 Node=1 LogicalClock=93
[RECEIVE] SysTime=15:33:52 Node=1 From=2 QueueLen=0 LogicalClock=94
[INTERNAL] SysTime=15:33:53 Node=1 LogicalClock=95
[INTERNAL] SysTime=15:33:53 Node=1 LogicalClock=96
[RECEIVE] SysTime=15:33:53 Node=1 From=2 QueueLen=0 LogicalClock=97
[SEND to 0] SysTime=15:33:54 LogicalClock=98
[SEND to 2] SysTime=15:33:54 LogicalClock=98
[SEND to 0] SysTime=15:33:54 LogicalClock=99
[SEND to 2] SysTime=15:33:54 LogicalClock=99
[INTERNAL] SysTime=15:33:54 Node=1 LogicalClock=100
[RECEIVE] SysTime=15:33:55 Node=1 From=0 QueueLen=0 LogicalClock=101
[SEND to 0] SysTime=15:33:55 LogicalClock=102
[SEND to 2] SysTime=15:33:55 LogicalClock=102
[INTERNAL] SysTime=15:33:55 Node=1 LogicalClock=103
[INTERNAL] SysTime=15:33:56 Node=1 LogicalClock=104
[INTERNAL] SysTime=15:33:56 Node=1 LogicalClock=105
[RECEIVE] SysTime=15:33:56 Node=1 From=2 QueueLen=0 LogicalClock=106
[RECEIVE] SysTime=15:33:57 Node=1 From=2 QueueLen=0 LogicalClock=107
[INTERNAL] SysTime=15:33:57 Node=1 LogicalClock=108
[RECEIVE] SysTime=15:33:57 Node=1 From=2 QueueLen=0 LogicalClock=109
[INTERNAL] SysTime=15:33:58 Node=1 LogicalClock=110
[INTERNAL] SysTime=15:33:58 Node=1 LogicalClock=111
[INTERNAL] SysTime=15:33:58 Node=1 LogicalClock=112
[INTERNAL] SysTime=15:33:59 Node=1 LogicalClock=113
[INTERNAL] SysTime=15:33:59 Node=1 LogicalClock=114
[SEND to 0] SysTime=15:33:59 LogicalClock=115
[SEND to 0] SysTime=15:34:00 LogicalClock=116
[SEND to 2] SysTime=15:34:00 LogicalClock=116
[SEND to 0] SysTime=15:34:00 LogicalClock=117
[RECEIVE] SysTime=15:34:00 Node=1 From=0 QueueLen=0 LogicalClock=118
[INTERNAL] SysTime=15:34:01 Node=1 LogicalClock=119
[RECEIVE] SysTime=15:34:01 Node=1 From=0 QueueLen=0 LogicalClock=120
[INTERNAL] SysTime=15:34:01 Node=1 LogicalClock=121
[RECEIVE] SysTime=15:34:02 Node=1 From=2 QueueLen=0 LogicalClock=122
[RECEIVE] SysTime=15:34:02 Node=1 From=0 QueueLen=1 LogicalClock=123
[RECEIVE] SysTime=15:34:02 Node=1 From=2 QueueLen=1 LogicalClock=124
[RECEIVE] SysTime=15:34:03 Node=1 From=2 QueueLen=0 LogicalClock=125
[INTERNAL] SysTime=15:34:03 Node=1 LogicalClock=126
[INTERNAL] SysTime=15:34:03 Node=1 LogicalClock=127
[RECEIVE] SysTime=15:34:04 Node=1 From=0 QueueLen=0 LogicalClock=128
[INTERNAL] SysTime=15:34:04 Node=1 LogicalClock=129
[INTERNAL] SysTime=15:34:04 Node=1 LogicalClock=130
[INTERNAL] SysTime=15:34:05 Node=1 LogicalClock=131
[INTERNAL] SysTime=15:34:05 Node=1 LogicalClock=132
[INTERNAL] SysTime=15:34:05 Node=1 LogicalClock=133
[RECEIVE] SysTime=15:34:06 Node=1 From=0 QueueLen=0 LogicalClock=134
[RECEIVE] SysTime=15:34:06 Node=1 From=2 QueueLen=0 LogicalClock=135
[RECEIVE] SysTime=15:34:06 Node=1 From=0 QueueLen=1 LogicalClock=136
[RECEIVE] SysTime=15:34:07 Node=1 From=2 QueueLen=0 LogicalClock=137
[RECEIVE] SysTime=15:34:07 Node=1 From=2 QueueLen=0 LogicalClock=138
[RECEIVE] SysTime=15:34:07 Node=1 From=2 QueueLen=0 LogicalClock=139
[RECEIVE] SysTime=15:34:08 Node=1 From=2 QueueLen=0 LogicalClock=140
[SEND to 0] SysTime=15:34:08 LogicalClock=141
[SEND to 0] SysTime=15:34:08 LogicalClock=142
[SEND to 2] SysTime=15:34:08 LogicalClock=142
[INTERNAL] SysTime=15:34:09 Node=1 LogicalClock=143
[RECEIVE] SysTime=15:34:09 Node=1 From=2 QueueLen=0 LogicalClock=144
[SEND to 0] SysTime=15:34:09 LogicalClock=145
[RECEIVE] SysTime=15:34:10 Node=1 From=2 QueueLen=0 LogicalClock=146
[SEND to 0] SysTime=15:34:11 LogicalClock=147
[SEND to 0] SysTime=15:34:11 LogicalClock=148
[SEND to 2] SysTime=15:34:11 LogicalClock=148
[INTERNAL] SysTime=15:34:11 Node=1 LogicalClock=149
[RECEIVE] SysTime=15:34:11 Node=1 From=2 QueueLen=0 LogicalClock=150
[INTERNAL] SysTime=15:34:11 Node=1 LogicalClock=151
[SEND to 0] SysTime=15:34:12 LogicalClock=152
[SEND to 2] SysTime=15:34:12 LogicalClock=152
[INTERNAL] SysTime=15:34:12 Node=1 LogicalClock=153
[SEND to 0] SysTime=15:34:12 LogicalClock=154
[SEND to 2] SysTime=15:34:12 LogicalClock=154
[INTERNAL] SysTime=15:34:13 Node=1 LogicalClock=155
[INTERNAL] SysTime=15:34:13 Node=1 LogicalClock=156
[SEND to 0] SysTime=15:34:13 LogicalClock=157
[INTERNAL] SysTime=15:34:14 Node=1 LogicalClock=158
[INTERNAL] SysTime=15:34:14 Node=1 LogicalClock=159
[INTERNAL] SysTime=15:34:14 Node=1 LogicalClock=160
[INTERNAL] SysTime=15:34:15 Node=1 LogicalClock=161
[INTERNAL] SysTime=15:34:15 Node=1 LogicalClock=162
[RECEIVE] SysTime=15:34:15 Node=1 From=0 QueueLen=0 LogicalClock=163
[INTERNAL] SysTime=15:34:16 Node=1 LogicalClock=164
[RECEIVE] SysTime=15:34:16 Node=1 From=0 QueueLen=1 LogicalClock=165
[RECEIVE] SysTime=15:34:16 Node=1 From=2 QueueLen=0 LogicalClock=166
[SEND to 2] SysTime=15:34:17 LogicalClock=167
[INTERNAL] SysTime=15:34:17 Node=1 LogicalClock=168
[RECEIVE] SysTime=15:34:17 Node=1 From=0 QueueLen=1 LogicalClock=169
[RECEIVE] SysTime=15:34:18 Node=1 From=2 QueueLen=0 LogicalClock=170
[INTERNAL] SysTime=15:34:18 Node=1 LogicalClock=171
[INTERNAL] SysTime=15:34:18 Node=1 LogicalClock=172
[INTERNAL] SysTime=15:34:19 Node=1 LogicalClock=173
[SEND to 0] SysTime=15:34:19 LogicalClock=174
[SEND to 2] SysTime=15:34:19 LogicalClock=174
[RECEIVE] SysTime=15:34:19 Node=1 From=0 QueueLen=0 LogicalClock=175
[INTERNAL] SysTime=15:34:20 Node=1 LogicalClock=176
[INTERNAL] SysTime=15:34:20 Node=1 LogicalClock=177
[RECEIVE] SysTime=15:34:20 Node=1 From=0 QueueLen=0 LogicalClock=178
[SEND to 0] SysTime=15:34:21 LogicalClock=179
[INTERNAL] SysTime=15:34:21 Node=1 LogicalClock=180
[INFO]: Shutting down
[INFO]: Shut down
