[INIT]
[INFO]: Binding to port 17052
[INFO]: Listening on port 17052
[INFO]: Waiting for connect
[INFO]: Accepted channel from rank 0
[INFO]: Waiting for connect
[INFO]: Accepted channel from rank 1
[INFO]: Rank=2 ClockRate=5
[INTERNAL] SysTime=17:48:57 Node=2 LogicalClock=1
[SEND to 1] SysTime=17:48:57 LogicalClock=2
[INTERNAL] SysTime=17:48:57 Node=2 LogicalClock=3
[RECEIVE] SysTime=17:48:58 Node=2 From=0 QueueLen=0 LogicalClock=4
[SEND to 1] SysTime=17:48:58 LogicalClock=5
[RECEIVE] SysTime=17:48:59 Node=2 From=0 QueueLen=0 LogicalClock=8
[INTERNAL] SysTime=17:48:59 Node=2 LogicalClock=9
[INTERNAL] SysTime=17:48:59 Node=2 LogicalClock=10
[SEND to 0] SysTime=17:48:59 LogicalClock=11
[SEND to 1] SysTime=17:48:59 LogicalClock=11
[INTERNAL] SysTime=17:49:00 Node=2 LogicalClock=12
[RECEIVE] SysTime=17:49:00 Node=2 From=0 QueueLen=1 LogicalClock=13
[RECEIVE] SysTime=17:49:00 Node=2 From=0 QueueLen=0 LogicalClock=14
[RECEIVE] SysTime=17:49:00 Node=2 From=0 QueueLen=0 LogicalClock=15
[RECEIVE] SysTime=17:49:01 Node=2 From=0 QueueLen=0 LogicalClock=16
[INTERNAL] SysTime=17:49:01 Node=2 LogicalClock=17
[INTERNAL] SysTime=17:49:01 Node=2 LogicalClock=18
[RECEIVE] SysTime=17:49:02 Node=2 From=0 QueueLen=0 LogicalClock=19
[INTERNAL] SysTime=17:49:02 Node=2 LogicalClock=20
[SEND to 1] SysTime=17:49:02 LogicalClock=21
[RECEIVE] SysTime=17:49:02 Node=2 From=0 QueueLen=0 LogicalClock=22
[RECEIVE] SysTime=17:49:03 Node=2 From=0 QueueLen=0 LogicalClock=23
[SEND to 0] SysTime=17:49:03 LogicalClock=24
[SEND to 1] SysTime=17:49:03 LogicalClock=24
[RECEIVE] SysTime=17:49:03 Node=2 From=0 QueueLen=0 LogicalClock=25
[RECEIVE] SysTime=17:49:04 Node=2 From=0 QueueLen=0 LogicalClock=28
[INTERNAL] SysTime=17:49:04 Node=2 LogicalClock=29
[INTERNAL] SysTime=17:49:04 Node=2 LogicalClock=30
[INTERNAL] SysTime=17:49:04 Node=2 LogicalClock=31
[SEND to 1] SysTime=17:49:04 LogicalClock=32
[INTERNAL] SysTime=17:49:04 Node=2 LogicalClock=33
[INTERNAL] SysTime=17:49:05 Node=2 LogicalClock=34
[INTERNAL] SysTime=17:49:05 Node=2 LogicalClock=35
[INTERNAL] SysTime=17:49:05 Node=2 LogicalClock=36
[SEND to 0] SysTime=17:49:06 LogicalClock=37
[SEND to 1] SysTime=17:49:06 LogicalClock=37
[SEND to 0] SysTime=17:49:06 LogicalClock=38
[SEND to 1] SysTime=17:49:06 LogicalClock=38
[RECEIVE] SysTime=17:49:06 Node=2 From=0 QueueLen=0 LogicalClock=39
[SEND to 1] SysTime=17:49:06 LogicalClock=40
[SEND to 1] SysTime=17:49:06 LogicalClock=41
[SEND to 1] SysTime=17:49:07 LogicalClock=42
[SEND to 0] SysTime=17:49:07 LogicalClock=43
[SEND to 1] SysTime=17:49:07 LogicalClock=43
[INTERNAL] SysTime=17:49:07 Node=2 LogicalClock=44
[INTERNAL] SysTime=17:49:07 Node=2 LogicalClock=45
[SEND to 1] SysTime=17:49:07 LogicalClock=46
[SEND to 1] SysTime=17:49:08 LogicalClock=47
[INTERNAL] SysTime=17:49:08 Node=2 LogicalClock=48
[SEND to 0] SysTime=17:49:08 LogicalClock=49
[SEND to 0] SysTime=17:49:09 LogicalClock=50
[SEND to 1] SysTime=17:49:09 LogicalClock=50
[SEND to 0] SysTime=17:49:09 LogicalClock=51
[SEND to 1] SysTime=17:49:09 LogicalClock=51
[SEND to 0] SysTime=17:49:10 LogicalClock=52
[SEND to 0] SysTime=17:49:10 LogicalClock=53
[SEND to 1] SysTime=17:49:10 LogicalClock=53
[INTERNAL] SysTime=17:49:10 Node=2 LogicalClock=54
[SEND to 0] SysTime=17:49:10 LogicalClock=55
[RECEIVE] SysTime=17:49:11 Node=2 From=0 QueueLen=0 LogicalClock=61
[SEND to 0] SysTime=17:49:11 LogicalClock=62
[SEND to 0] SysTime=17:49:11 LogicalClock=63
[SEND to 1] SysTime=17:49:11 LogicalClock=63
[SEND to 0] SysTime=17:49:12 LogicalClock=64
[SEND to 1] SysTime=17:49:12 LogicalClock=64
[INTERNAL] SysTime=17:49:12 Node=2 LogicalClock=65
[RECEIVE] SysTime=17:49:12 Node=2 From=0 QueueLen=0 LogicalClock=67
[RECEIVE] SysTime=17:49:13 Node=2 From=0 QueueLen=0 LogicalClock=69
[RECEIVE] SysTime=17:49:13 Node=2 From=0 QueueLen=0 LogicalClock=70
[RECEIVE] SysTime=17:49:13 Node=2 From=0 QueueLen=0 LogicalClock=72
[SEND to 0] SysTime=17:49:13 LogicalClock=73
[RECEIVE] SysTime=17:49:14 Node=2 From=0 QueueLen=0 LogicalClock=75
[RECEIVE] SysTime=17:49:14 Node=2 From=0 QueueLen=0 LogicalClock=76
[SEND to 0] SysTime=17:49:14 LogicalClock=77
[SEND to 1] SysTime=17:49:14 LogicalClock=77
[SEND to 0] SysTime=17:49:15 LogicalClock=78
[SEND to 1] SysTime=17:49:15 LogicalClock=78
[INTERNAL] SysTime=17:49:15 Node=2 LogicalClock=79
[SEND to 1] SysTime=17:49:15 LogicalClock=80
[SEND to 1] SysTime=17:49:16 LogicalClock=81
[RECEIVE] SysTime=17:49:16 Node=2 From=0 QueueLen=1 LogicalClock=82
[RECEIVE] SysTime=17:49:16 Node=2 From=0 QueueLen=0 LogicalClock=83
[SEND to 0] SysTime=17:49:16 LogicalClock=84
[SEND to 0] SysTime=17:49:17 LogicalClock=85
[SEND to 1] SysTime=17:49:17 LogicalClock=85
[INTERNAL] SysTime=17:49:17 Node=2 LogicalClock=86
[SEND to 0] SysTime=17:49:17 LogicalClock=87
[INTERNAL] SysTime=17:49:17 Node=2 LogicalClock=88
[INTERNAL] SysTime=17:49:17 Node=2 LogicalClock=89
[RECEIVE] SysTime=17:49:18 Node=2 From=0 QueueLen=0 LogicalClock=90
[SEND to 0] SysTime=17:49:18 LogicalClock=91
[SEND to 0] SysTime=17:49:18 LogicalClock=92
[SEND to 1] SysTime=17:49:18 LogicalClock=92
[RECEIVE] SysTime=17:49:18 Node=2 From=0 QueueLen=0 LogicalClock=94
[RECEIVE] SysTime=17:49:19 Node=2 From=0 QueueLen=0 LogicalClock=95
[RECEIVE] SysTime=17:49:19 Node=2 From=0 QueueLen=0 LogicalClock=96
[RECEIVE] SysTime=17:49:19 Node=2 From=0 QueueLen=0 LogicalClock=98
[INTERNAL] SysTime=17:49:19 Node=2 LogicalClock=99
[SEND to 0] SysTime=17:49:20 LogicalClock=100
[SEND to 1] SysTime=17:49:20 LogicalClock=100
[INTERNAL] SysTime=17:49:20 Node=2 LogicalClock=101
[SEND to 0] SysTime=17:49:21 LogicalClock=102
[INTERNAL] SysTime=17:49:21 Node=2 LogicalClock=103
[SEND to 1] SysTime=17:49:21 LogicalClock=104
[SEND to 1] SysTime=17:49:22 LogicalClock=105
[RECEIVE] SysTime=17:49:22 Node=2 From=0 QueueLen=0 LogicalClock=108
[INTERNAL] SysTime=17:49:22 Node=2 LogicalClock=109
[INTERNAL] SysTime=17:49:23 Node=2 LogicalClock=110
[SEND to 1] SysTime=17:49:23 LogicalClock=111
[INTERNAL] SysTime=17:49:23 Node=2 LogicalClock=112
[INTERNAL] SysTime=17:49:23 Node=2 LogicalClock=113
[SEND to 0] SysTime=17:49:24 LogicalClock=114
[RECEIVE] SysTime=17:49:24 Node=2 From=0 QueueLen=0 LogicalClock=116
[RECEIVE] SysTime=17:49:24 Node=2 From=0 QueueLen=0 LogicalClock=117
[INTERNAL] SysTime=17:49:25 Node=2 LogicalClock=118
[RECEIVE] SysTime=17:49:25 Node=2 From=0 QueueLen=0 LogicalClock=119
[RECEIVE] SysTime=17:49:25 Node=2 From=0 QueueLen=0 LogicalClock=121
[RECEIVE] SysTime=17:49:25 Node=2 From=0 QueueLen=0 LogicalClock=123
[SEND to 0] SysTime=17:49:26 LogicalClock=124
[SEND to 1] SysTime=17:49:26 LogicalClock=124
[RECEIVE] SysTime=17:49:26 Node=2 From=0 QueueLen=0 LogicalClock=126
[INTERNAL] SysTime=17:49:27 Node=2 LogicalClock=127
[INTERNAL] SysTime=17:49:27 Node=2 LogicalClock=128
[SEND to 0] SysTime=17:49:27 LogicalClock=129
[INTERNAL] SysTime=17:49:27 Node=2 LogicalClock=130
[INTERNAL] SysTime=17:49:28 Node=2 LogicalClock=131
[INTERNAL] SysTime=17:49:28 Node=2 LogicalClock=132
[SEND to 0] SysTime=17:49:29 LogicalClock=133
[SEND to 1] SysTime=17:49:29 LogicalClock=133
[INTERNAL] SysTime=17:49:30 Node=2 LogicalClock=134
[SEND to 1] SysTime=17:49:30 LogicalClock=135
[INTERNAL] SysTime=17:49:31 Node=2 LogicalClock=136
[INTERNAL] SysTime=17:49:31 Node=2 LogicalClock=137
[SEND to 0] SysTime=17:49:31 LogicalClock=138
[INTERNAL] SysTime=17:49:32 Node=2 LogicalClock=139
[RECEIVE] SysTime=17:49:32 Node=2 From=0 QueueLen=0 LogicalClock=143
[SEND to 0] SysTime=17:49:32 LogicalClock=144
[INTERNAL] SysTime=17:49:32 Node=2 LogicalClock=145
[SEND to 1] SysTime=17:49:32 LogicalClock=146
[SEND to 0] SysTime=17:49:33 LogicalClock=147
[SEND to 1] SysTime=17:49:33 LogicalClock=147
[INTERNAL] SysTime=17:49:33 Node=2 LogicalClock=148
[INTERNAL] SysTime=17:49:33 Node=2 LogicalClock=149
[INTERNAL] SysTime=17:49:34 Node=2 LogicalClock=150
[RECEIVE] SysTime=17:49:34 Node=2 From=0 QueueLen=0 LogicalClock=151
[INTERNAL] SysTime=17:49:34 Node=2 LogicalClock=152
[RECEIVE] SysTime=17:49:34 Node=2 From=0 QueueLen=0 LogicalClock=153
[INTERNAL] SysTime=17:49:34 Node=2 LogicalClock=154
[RECEIVE] SysTime=17:49:35 Node=2 From=0 QueueLen=0 LogicalClock=155
[RECEIVE] SysTime=17:49:35 Node=2 From=0 QueueLen=0 LogicalClock=156
[RECEIVE] SysTime=17:49:35 Node=2 From=0 QueueLen=0 LogicalClock=157
[SEND to 1] SysTime=17:49:36 LogicalClock=158
[RECEIVE] SysTime=17:49:36 Node=2 From=0 QueueLen=0 LogicalClock=160
[SEND to 0] SysTime=17:49:36 LogicalClock=161
[SEND to 0] SysTime=17:49:37 LogicalClock=162
[INTERNAL] SysTime=17:49:37 Node=2 LogicalClock=163
[INTERNAL] SysTime=17:49:37 Node=2 LogicalClock=164
[SEND to 1] SysTime=17:49:37 LogicalClock=165
[INTERNAL] SysTime=17:49:37 Node=2 LogicalClock=166
[RECEIVE] SysTime=17:49:38 Node=2 From=0 QueueLen=0 LogicalClock=167
[SEND to 1] SysTime=17:49:38 LogicalClock=168
[RECEIVE] SysTime=17:49:38 Node=2 From=0 QueueLen=0 LogicalClock=169
[SEND to 0] SysTime=17:49:38 LogicalClock=170
[SEND to 1] SysTime=17:49:38 LogicalClock=170
[INTERNAL] SysTime=17:49:39 Node=2 LogicalClock=171
[SEND to 0] SysTime=17:49:39 LogicalClock=172
[SEND to 1] SysTime=17:49:39 LogicalClock=172
[SEND to 0] SysTime=17:49:39 LogicalClock=173
[SEND to 1] SysTime=17:49:39 LogicalClock=173
[INTERNAL] SysTime=17:49:40 Node=2 LogicalClock=174
[INTERNAL] SysTime=17:49:40 Node=2 LogicalClock=175
[SEND to 1] SysTime=17:49:40 LogicalClock=176
[INTERNAL] SysTime=17:49:40 Node=2 LogicalClock=177
[RECEIVE] SysTime=17:49:41 Node=2 From=0 QueueLen=0 LogicalClock=178
[INTERNAL] SysTime=17:49:41 Node=2 LogicalClock=179
[SEND to 0] SysTime=17:49:41 LogicalClock=180
[SEND to 0] SysTime=17:49:41 LogicalClock=181
[SEND to 0] SysTime=17:49:42 LogicalClock=182
[SEND to 1] SysTime=17:49:42 LogicalClock=182
[INTERNAL] SysTime=17:49:42 Node=2 LogicalClock=183
[INTERNAL] SysTime=17:49:42 Node=2 LogicalClock=184
[INTERNAL] SysTime=17:49:42 Node=2 LogicalClock=185
[RECEIVE] SysTime=17:49:42 Node=2 From=0 QueueLen=0 LogicalClock=186
[INTERNAL] SysTime=17:49:43 Node=2 LogicalClock=187
[SEND to 1] SysTime=17:49:43 LogicalClock=188
[INTERNAL] SysTime=17:49:43 Node=2 LogicalClock=189
[INTERNAL] SysTime=17:49:44 Node=2 LogicalClock=190
[SEND to 0] SysTime=17:49:44 LogicalClock=191
[RECEIVE] SysTime=17:49:45 Node=2 From=0 QueueLen=0 LogicalClock=194
[RECEIVE] SysTime=17:49:45 Node=2 From=0 QueueLen=0 LogicalClock=195
[SEND to 0] SysTime=17:49:45 LogicalClock=196
[RECEIVE] SysTime=17:49:46 Node=2 From=0 QueueLen=0 LogicalClock=198
[SEND to 1] SysTime=17:49:46 LogicalClock=199
[RECEIVE] SysTime=17:49:46 Node=2 From=0 QueueLen=0 LogicalClock=200
[SEND to 0] SysTime=17:49:46 LogicalClock=201
[SEND to 1] SysTime=17:49:46 LogicalClock=201
[RECEIVE] SysTime=17:49:47 Node=2 From=0 QueueLen=0 LogicalClock=202
[RECEIVE] SysTime=17:49:47 Node=2 From=0 QueueLen=0 LogicalClock=204
[RECEIVE] SysTime=17:49:47 Node=2 From=0 QueueLen=0 LogicalClock=205
[RECEIVE] SysTime=17:49:48 Node=2 From=0 QueueLen=0 LogicalClock=206
[RECEIVE] SysTime=17:49:48 Node=2 From=0 QueueLen=0 LogicalClock=207
[INTERNAL] SysTime=17:49:48 Node=2 LogicalClock=208
[SEND to 1] SysTime=17:49:48 LogicalClock=209
[RECEIVE] SysTime=17:49:49 Node=2 From=0 QueueLen=0 LogicalClock=211
[SEND to 0] SysTime=17:49:49 LogicalClock=212
[SEND to 0] SysTime=17:49:50 LogicalClock=213
[SEND to 1] SysTime=17:49:50 LogicalClock=214
[INTERNAL] SysTime=17:49:50 Node=2 LogicalClock=215
[INTERNAL] SysTime=17:49:50 Node=2 LogicalClock=216
[INTERNAL] SysTime=17:49:51 Node=2 LogicalClock=217
[INTERNAL] SysTime=17:49:51 Node=2 LogicalClock=218
[INTERNAL] SysTime=17:49:51 Node=2 LogicalClock=219
[INTERNAL] SysTime=17:49:52 Node=2 LogicalClock=220
[RECEIVE] SysTime=17:49:52 Node=2 From=0 QueueLen=0 LogicalClock=222
[RECEIVE] SysTime=17:49:52 Node=2 From=0 QueueLen=1 LogicalClock=223
[RECEIVE] SysTime=17:49:52 Node=2 From=0 QueueLen=0 LogicalClock=224
[SEND to 0] SysTime=17:49:52 LogicalClock=225
[SEND to 1] SysTime=17:49:52 LogicalClock=225
[SEND to 0] SysTime=17:49:53 LogicalClock=226
[SEND to 1] SysTime=17:49:53 LogicalClock=226
[INTERNAL] SysTime=17:49:53 Node=2 LogicalClock=227
[INTERNAL] SysTime=17:49:53 Node=2 LogicalClock=228
[SEND to 0] SysTime=17:49:53 LogicalClock=229
[SEND to 1] SysTime=17:49:53 LogicalClock=229
[SEND to 0] SysTime=17:49:54 LogicalClock=230
[INTERNAL] SysTime=17:49:54 Node=2 LogicalClock=231
[RECEIVE] SysTime=17:49:54 Node=2 From=0 QueueLen=0 LogicalClock=232
[SEND to 1] SysTime=17:49:54 LogicalClock=233
[INTERNAL] SysTime=17:49:54 Node=2 LogicalClock=234
[SEND to 1] SysTime=17:49:55 LogicalClock=235
[SEND to 0] SysTime=17:49:55 LogicalClock=236
[SEND to 1] SysTime=17:49:55 LogicalClock=236
[INTERNAL] SysTime=17:49:56 Node=2 LogicalClock=237
[RECEIVE] SysTime=17:49:56 Node=2 From=0 QueueLen=0 LogicalClock=241
[RECEIVE] SysTime=17:49:56 Node=2 From=0 QueueLen=0 LogicalClock=243
[INTERNAL] SysTime=17:49:57 Node=2 LogicalClock=244
[INFO]: Shutting down
[INFO]: Shut down
