[INIT]
[INFO]: Binding to port 17052
[INFO]: Listening on port 17052
[INFO]: Waiting for connect
[INFO]: Accepted channel from rank 1
[INFO]: Waiting for connect
[INFO]: Accepted channel from rank 0
[INFO]: Rank=2 ClockRate=3
[SEND to 1] SysTime=15:32:07 LogicalClock=1
[INTERNAL] SysTime=15:32:08 Node=2 LogicalClock=2
[INTERNAL] SysTime=15:32:08 Node=2 LogicalClock=3
[SEND to 0] SysTime=15:32:08 LogicalClock=4
[RECEIVE] SysTime=15:32:09 Node=2 From=0 QueueLen=1 LogicalClock=5
[RECEIVE] SysTime=15:32:09 Node=2 From=1 QueueLen=0 LogicalClock=6
[INTERNAL] SysTime=15:32:09 Node=2 LogicalClock=7
[INTERNAL] SysTime=15:32:10 Node=2 LogicalClock=8
[INTERNAL] SysTime=15:32:10 Node=2 LogicalClock=9
[SEND to 1] SysTime=15:32:10 LogicalClock=10
[SEND to 0] SysTime=15:32:11 LogicalClock=11
[INTERNAL] SysTime=15:32:11 Node=2 LogicalClock=12
[INTERNAL] SysTime=15:32:11 Node=2 LogicalClock=13
[INTERNAL] SysTime=15:32:12 Node=2 LogicalClock=14
[INTERNAL] SysTime=15:32:12 Node=2 LogicalClock=15
[SEND to 0] SysTime=15:32:12 LogicalClock=16
[RECEIVE] SysTime=15:32:13 Node=2 From=1 QueueLen=0 LogicalClock=17
[INTERNAL] SysTime=15:32:13 Node=2 LogicalClock=18
[SEND to 0] SysTime=15:32:13 LogicalClock=19
[SEND to 1] SysTime=15:32:13 LogicalClock=19
[INTERNAL] SysTime=15:32:14 Node=2 LogicalClock=20
[INTERNAL] SysTime=15:32:14 Node=2 LogicalClock=21
[INTERNAL] SysTime=15:32:14 Node=2 LogicalClock=22
[INTERNAL] SysTime=15:32:15 Node=2 LogicalClock=23
[SEND to 0] SysTime=15:32:15 LogicalClock=24
[SEND to 1] SysTime=15:32:15 LogicalClock=24
[INTERNAL] SysTime=15:32:15 Node=2 LogicalClock=25
[INTERNAL] SysTime=15:32:16 Node=2 LogicalClock=26
[SEND to 0] SysTime=15:32:16 LogicalClock=27
[SEND to 1] SysTime=15:32:16 LogicalClock=27
[INTERNAL] SysTime=15:32:16 Node=2 LogicalClock=28
[INTERNAL] SysTime=15:32:17 Node=2 LogicalClock=29
[SEND to 0] SysTime=15:32:17 LogicalClock=30
[SEND to 1] SysTime=15:32:17 LogicalClock=30
[INTERNAL] SysTime=15:32:17 Node=2 LogicalClock=31
[INTERNAL] SysTime=15:32:18 Node=2 LogicalClock=32
[INTERNAL] SysTime=15:32:18 Node=2 LogicalClock=33
[INTERNAL] SysTime=15:32:18 Node=2 LogicalClock=34
[INTERNAL] SysTime=15:32:19 Node=2 LogicalClock=35
[INTERNAL] SysTime=15:32:19 Node=2 LogicalClock=36
[INTERNAL] SysTime=15:32:19 Node=2 LogicalClock=37
[INTERNAL] SysTime=15:32:20 Node=2 LogicalClock=38
[INTERNAL] SysTime=15:32:20 Node=2 LogicalClock=39
[SEND to 0] SysTime=15:32:20 LogicalClock=40
[SEND to 1] SysTime=15:32:20 LogicalClock=40
[INTERNAL] SysTime=15:32:21 Node=2 LogicalClock=41
[INTERNAL] SysTime=15:32:21 Node=2 LogicalClock=42
[INTERNAL] SysTime=15:32:21 Node=2 LogicalClock=43
[INTERNAL] SysTime=15:32:22 Node=2 LogicalClock=44
[RECEIVE] SysTime=15:32:22 Node=2 From=1 QueueLen=0 LogicalClock=45
[INTERNAL] SysTime=15:32:22 Node=2 LogicalClock=46
[RECEIVE] SysTime=15:32:23 Node=2 From=1 QueueLen=0 LogicalClock=47
[RECEIVE] SysTime=15:32:23 Node=2 From=1 QueueLen=0 LogicalClock=48
[SEND to 1] SysTime=15:32:23 LogicalClock=49
[INTERNAL] SysTime=15:32:24 Node=2 LogicalClock=50
[INTERNAL] SysTime=15:32:24 Node=2 LogicalClock=51
[SEND to 1] SysTime=15:32:24 LogicalClock=52
[INTERNAL] SysTime=15:32:25 Node=2 LogicalClock=53
[INTERNAL] SysTime=15:32:25 Node=2 LogicalClock=54
[INTERNAL] SysTime=15:32:25 Node=2 LogicalClock=55
[INTERNAL] SysTime=15:32:26 Node=2 LogicalClock=56
[SEND to 0] SysTime=15:32:26 LogicalClock=57
[SEND to 1] SysTime=15:32:26 LogicalClock=57
[SEND to 0] SysTime=15:32:26 LogicalClock=58
[INTERNAL] SysTime=15:32:27 Node=2 LogicalClock=59
[INTERNAL] SysTime=15:32:27 Node=2 LogicalClock=60
[INTERNAL] SysTime=15:32:27 Node=2 LogicalClock=61
[INTERNAL] SysTime=15:32:28 Node=2 LogicalClock=62
[INTERNAL] SysTime=15:32:28 Node=2 LogicalClock=63
[INTERNAL] SysTime=15:32:28 Node=2 LogicalClock=64
[INTERNAL] SysTime=15:32:29 Node=2 LogicalClock=65
[RECEIVE] SysTime=15:32:29 Node=2 From=1 QueueLen=0 LogicalClock=66
[INTERNAL] SysTime=15:32:29 Node=2 LogicalClock=67
[INTERNAL] SysTime=15:32:30 Node=2 LogicalClock=68
[INTERNAL] SysTime=15:32:30 Node=2 LogicalClock=69
[RECEIVE] SysTime=15:32:30 Node=2 From=1 QueueLen=0 LogicalClock=70
[INTERNAL] SysTime=15:32:31 Node=2 LogicalClock=71
[INTERNAL] SysTime=15:32:32 Node=2 LogicalClock=72
[INTERNAL] SysTime=15:32:32 Node=2 LogicalClock=73
[INTERNAL] SysTime=15:32:32 Node=2 LogicalClock=74
[SEND to 1] SysTime=15:32:32 LogicalClock=75
[INTERNAL] SysTime=15:32:32 Node=2 LogicalClock=76
[SEND to 1] SysTime=15:32:33 LogicalClock=77
[SEND to 1] SysTime=15:32:33 LogicalClock=78
[INTERNAL] SysTime=15:32:33 Node=2 LogicalClock=79
[INTERNAL] SysTime=15:32:34 Node=2 LogicalClock=80
[INTERNAL] SysTime=15:32:34 Node=2 LogicalClock=81
[INTERNAL] SysTime=15:32:34 Node=2 LogicalClock=82
[SEND to 0] SysTime=15:32:35 LogicalClock=83
[INTERNAL] SysTime=15:32:35 Node=2 LogicalClock=84
[INTERNAL] SysTime=15:32:35 Node=2 LogicalClock=85
[INTERNAL] SysTime=15:32:36 Node=2 LogicalClock=86
[RECEIVE] SysTime=15:32:36 Node=2 From=1 QueueLen=0 LogicalClock=87
[SEND to 0] SysTime=15:32:36 LogicalClock=88
[SEND to 1] SysTime=15:32:36 LogicalClock=88
[INTERNAL] SysTime=15:32:37 Node=2 LogicalClock=89
[INTERNAL] SysTime=15:32:37 Node=2 LogicalClock=90
[INTERNAL] SysTime=15:32:37 Node=2 LogicalClock=91
[INTERNAL] SysTime=15:32:38 Node=2 LogicalClock=92
[INTERNAL] SysTime=15:32:38 Node=2 LogicalClock=93
[SEND to 1] SysTime=15:32:38 LogicalClock=94
[INTERNAL] SysTime=15:32:39 Node=2 LogicalClock=95
[INTERNAL] SysTime=15:32:39 Node=2 LogicalClock=96
[INTERNAL] SysTime=15:32:39 Node=2 LogicalClock=97
[INTERNAL] SysTime=15:32:40 Node=2 LogicalClock=98
[INTERNAL] SysTime=15:32:40 Node=2 LogicalClock=99
[INTERNAL] SysTime=15:32:40 Node=2 LogicalClock=100
[RECEIVE] SysTime=15:32:41 Node=2 From=0 QueueLen=0 LogicalClock=101
[INTERNAL] SysTime=15:32:41 Node=2 LogicalClock=102
[SEND to 0] SysTime=15:32:41 LogicalClock=103
[INTERNAL] SysTime=15:32:42 Node=2 LogicalClock=104
[SEND to 0] SysTime=15:32:42 LogicalClock=105
[SEND to 1] SysTime=15:32:42 LogicalClock=105
[INTERNAL] SysTime=15:32:42 Node=2 LogicalClock=106
[INTERNAL] SysTime=15:32:43 Node=2 LogicalClock=107
[INTERNAL] SysTime=15:32:43 Node=2 LogicalClock=108
[INTERNAL] SysTime=15:32:43 Node=2 LogicalClock=109
[SEND to 0] SysTime=15:32:44 LogicalClock=110
[INTERNAL] SysTime=15:32:44 Node=2 LogicalClock=111
[INTERNAL] SysTime=15:32:44 Node=2 LogicalClock=112
[INTERNAL] SysTime=15:32:45 Node=2 LogicalClock=113
[RECEIVE] SysTime=15:32:45 Node=2 From=1 QueueLen=0 LogicalClock=114
[INTERNAL] SysTime=15:32:45 Node=2 LogicalClock=115
[RECEIVE] SysTime=15:32:46 Node=2 From=1 QueueLen=0 LogicalClock=116
[INTERNAL] SysTime=15:32:46 Node=2 LogicalClock=117
[INTERNAL] SysTime=15:32:46 Node=2 LogicalClock=118
[INTERNAL] SysTime=15:32:47 Node=2 LogicalClock=119
[INTERNAL] SysTime=15:32:47 Node=2 LogicalClock=120
[INTERNAL] SysTime=15:32:47 Node=2 LogicalClock=121
[INTERNAL] SysTime=15:32:48 Node=2 LogicalClock=122
[RECEIVE] SysTime=15:32:48 Node=2 From=1 QueueLen=0 LogicalClock=123
[INTERNAL] SysTime=15:32:48 Node=2 LogicalClock=124
[INTERNAL] SysTime=15:32:49 Node=2 LogicalClock=125
[SEND to 0] SysTime=15:32:49 LogicalClock=126
[INTERNAL] SysTime=15:32:49 Node=2 LogicalClock=127
[INTERNAL] SysTime=15:32:50 Node=2 LogicalClock=128
[SEND to 1] SysTime=15:32:50 LogicalClock=129
[SEND to 0] SysTime=15:32:50 LogicalClock=130
[RECEIVE] SysTime=15:32:51 Node=2 From=0 QueueLen=0 LogicalClock=131
[RECEIVE] SysTime=15:32:51 Node=2 From=1 QueueLen=0 LogicalClock=132
[INTERNAL] SysTime=15:32:51 Node=2 LogicalClock=133
[SEND to 1] SysTime=15:32:52 LogicalClock=134
[INTERNAL] SysTime=15:32:52 Node=2 LogicalClock=135
[INTERNAL] SysTime=15:32:52 Node=2 LogicalClock=136
[RECEIVE] SysTime=15:32:53 Node=2 From=1 QueueLen=0 LogicalClock=137
[SEND to 0] SysTime=15:32:53 LogicalClock=138
[INTERNAL] SysTime=15:32:53 Node=2 LogicalClock=139
[INTERNAL] SysTime=15:32:54 Node=2 LogicalClock=140
[INTERNAL] SysTime=15:32:54 Node=2 LogicalClock=141
[INTERNAL] SysTime=15:32:54 Node=2 LogicalClock=142
[SEND to 1] SysTime=15:32:55 LogicalClock=143
[INTERNAL] SysTime=15:32:55 Node=2 LogicalClock=144
[INTERNAL] SysTime=15:32:55 Node=2 LogicalClock=145
[INTERNAL] SysTime=15:32:56 Node=2 LogicalClock=146
[INTERNAL] SysTime=15:32:56 Node=2 LogicalClock=147
[SEND to 0] SysTime=15:32:56 LogicalClock=148
[INTERNAL] SysTime=15:32:57 Node=2 LogicalClock=149
[RECEIVE] SysTime=15:32:57 Node=2 From=1 QueueLen=0 LogicalClock=150
[INTERNAL] SysTime=15:32:57 Node=2 LogicalClock=151
[INTERNAL] SysTime=15:32:58 Node=2 LogicalClock=152
[INTERNAL] SysTime=15:32:58 Node=2 LogicalClock=153
[INTERNAL] SysTime=15:32:58 Node=2 LogicalClock=154
[INTERNAL] SysTime=15:32:59 Node=2 LogicalClock=155
[RECEIVE] SysTime=15:32:59 Node=2 From=1 QueueLen=0 LogicalClock=156
[INTERNAL] SysTime=15:32:59 Node=2 LogicalClock=157
[RECEIVE] SysTime=15:33:00 Node=2 From=1 QueueLen=0 LogicalClock=158
[INTERNAL] SysTime=15:33:00 Node=2 LogicalClock=159
[SEND to 0] SysTime=15:33:00 LogicalClock=160
[INTERNAL] SysTime=15:33:01 Node=2 LogicalClock=161
[INTERNAL] SysTime=15:33:01 Node=2 LogicalClock=162
[SEND to 0] SysTime=15:33:01 LogicalClock=163
[SEND to 0] SysTime=15:33:02 LogicalClock=164
[RECEIVE] SysTime=15:33:02 Node=2 From=1 QueueLen=0 LogicalClock=165
[INTERNAL] SysTime=15:33:02 Node=2 LogicalClock=166
[INTERNAL] SysTime=15:33:03 Node=2 LogicalClock=167
[SEND to 0] SysTime=15:33:03 LogicalClock=168
[SEND to 1] SysTime=15:33:03 LogicalClock=168
[SEND to 0] SysTime=15:33:03 LogicalClock=169
[SEND to 1] SysTime=15:33:03 LogicalClock=169
[INTERNAL] SysTime=15:33:04 Node=2 LogicalClock=170
[INTERNAL] SysTime=15:33:05 Node=2 LogicalClock=171
[INTERNAL] SysTime=15:33:05 Node=2 LogicalClock=172
[INTERNAL] SysTime=15:33:05 Node=2 LogicalClock=173
[RECEIVE] SysTime=15:33:05 Node=2 From=1 QueueLen=0 LogicalClock=174
[SEND to 0] SysTime=15:33:05 LogicalClock=175
[SEND to 1] SysTime=15:33:05 LogicalClock=175
[SEND to 0] SysTime=15:33:06 LogicalClock=176
[INTERNAL] SysTime=15:33:06 Node=2 LogicalClock=177
[SEND to 1] SysTime=15:33:06 LogicalClock=178
[RECEIVE] SysTime=15:33:07 Node=2 From=1 QueueLen=0 LogicalClock=179
[SEND to 1] SysTime=15:33:07 LogicalClock=180
[INFO]: Shutting down
[INFO]: Shut down
