[INIT]
[INFO]: Binding to port 17050
[INFO]: Listening on port 17050
[ERROR]: Failed to connect to rank 1: Connection refused
[INFO]: Connected to rank 1
[INFO]: Connected to rank 2
[INFO]: Rank=0 ClockRate=1
[INTERNAL] SysTime=15:32:07 Node=0 LogicalClock=1
[SEND to 2] SysTime=15:32:08 LogicalClock=2
[RECEIVE] SysTime=15:32:09 Node=0 From=2 QueueLen=0 LogicalClock=4
[INTERNAL] SysTime=15:32:10 Node=0 LogicalClock=5
[RECEIVE] SysTime=15:32:11 Node=0 From=2 QueueLen=0 LogicalClock=11
[INTERNAL] SysTime=15:32:12 Node=0 LogicalClock=12
[RECEIVE] SysTime=15:32:13 Node=0 From=1 QueueLen=1 LogicalClock=13
[RECEIVE] SysTime=15:32:14 Node=0 From=2 QueueLen=1 LogicalClock=16
[RECEIVE] SysTime=15:32:15 Node=0 From=2 QueueLen=1 LogicalClock=19
[RECEIVE] SysTime=15:32:16 Node=0 From=2 QueueLen=1 LogicalClock=24
[RECEIVE] SysTime=15:32:17 Node=0 From=2 QueueLen=1 LogicalClock=27
[RECEIVE] SysTime=15:32:18 Node=0 From=2 QueueLen=0 LogicalClock=30
[INTERNAL] SysTime=15:32:19 Node=0 LogicalClock=31
[RECEIVE] SysTime=15:32:20 Node=0 From=1 QueueLen=0 LogicalClock=35
[RECEIVE] SysTime=15:32:21 Node=0 From=1 QueueLen=1 LogicalClock=36
[RECEIVE] SysTime=15:32:22 Node=0 From=2 QueueLen=0 LogicalClock=40
[INTERNAL] SysTime=15:32:23 Node=0 LogicalClock=41
[INTERNAL] SysTime=15:32:24 Node=0 LogicalClock=42
[INTERNAL] SysTime=15:32:25 Node=0 LogicalClock=43
[RECEIVE] SysTime=15:32:26 Node=0 From=2 QueueLen=0 LogicalClock=57
[RECEIVE] SysTime=15:32:27 Node=0 From=2 QueueLen=0 LogicalClock=58
[RECEIVE] SysTime=15:32:28 Node=0 From=1 QueueLen=0 LogicalClock=60
[RECEIVE] SysTime=15:32:29 Node=0 From=1 QueueLen=0 LogicalClock=62
[INTERNAL] SysTime=15:32:30 Node=0 LogicalClock=63
[INTERNAL] SysTime=15:32:32 Node=0 LogicalClock=64
[INTERNAL] SysTime=15:32:32 Node=0 LogicalClock=65
[SEND to 1] SysTime=15:32:33 LogicalClock=66
[SEND to 1] SysTime=15:32:34 LogicalClock=67
[RECEIVE] SysTime=15:32:35 Node=0 From=2 QueueLen=1 LogicalClock=83
[RECEIVE] SysTime=15:32:36 Node=0 From=1 QueueLen=1 LogicalClock=84
[RECEIVE] SysTime=15:32:37 Node=0 From=1 QueueLen=1 LogicalClock=85
[RECEIVE] SysTime=15:32:38 Node=0 From=2 QueueLen=0 LogicalClock=88
[INTERNAL] SysTime=15:32:39 Node=0 LogicalClock=89
[SEND to 2] SysTime=15:32:40 LogicalClock=90
[RECEIVE] SysTime=15:32:41 Node=0 From=1 QueueLen=0 LogicalClock=97
[RECEIVE] SysTime=15:32:42 Node=0 From=2 QueueLen=2 LogicalClock=103
[RECEIVE] SysTime=15:32:43 Node=0 From=1 QueueLen=2 LogicalClock=104
[RECEIVE] SysTime=15:32:44 Node=0 From=2 QueueLen=2 LogicalClock=105
[RECEIVE] SysTime=15:32:45 Node=0 From=1 QueueLen=1 LogicalClock=106
[RECEIVE] SysTime=15:32:46 Node=0 From=2 QueueLen=1 LogicalClock=110
[RECEIVE] SysTime=15:32:47 Node=0 From=1 QueueLen=0 LogicalClock=111
[INTERNAL] SysTime=15:32:48 Node=0 LogicalClock=112
[RECEIVE] SysTime=15:32:49 Node=0 From=2 QueueLen=0 LogicalClock=126
[SEND to 2] SysTime=15:32:50 LogicalClock=127
[RECEIVE] SysTime=15:32:51 Node=0 From=2 QueueLen=0 LogicalClock=130
[INTERNAL] SysTime=15:32:52 Node=0 LogicalClock=131
[RECEIVE] SysTime=15:32:53 Node=0 From=2 QueueLen=0 LogicalClock=138
[INTERNAL] SysTime=15:32:54 Node=0 LogicalClock=139
[SEND to 1] SysTime=15:32:55 LogicalClock=140
[INTERNAL] SysTime=15:32:56 Node=0 LogicalClock=141
[RECEIVE] SysTime=15:32:57 Node=0 From=2 QueueLen=0 LogicalClock=148
[INTERNAL] SysTime=15:32:58 Node=0 LogicalClock=149
[RECEIVE] SysTime=15:32:59 Node=0 From=1 QueueLen=1 LogicalClock=150
[RECEIVE] SysTime=15:33:00 Node=0 From=1 QueueLen=0 LogicalClock=151
[RECEIVE] SysTime=15:33:01 Node=0 From=2 QueueLen=0 LogicalClock=160
[RECEIVE] SysTime=15:33:02 Node=0 From=2 QueueLen=2 LogicalClock=163
[RECEIVE] SysTime=15:33:03 Node=0 From=2 QueueLen=2 LogicalClock=164
[RECEIVE] SysTime=15:33:05 Node=0 From=1 QueueLen=2 LogicalClock=165
[RECEIVE] SysTime=15:33:05 Node=0 From=2 QueueLen=1 LogicalClock=168
[RECEIVE] SysTime=15:33:06 Node=0 From=2 QueueLen=3 LogicalClock=169
[INFO]: Shutting down
[INFO]: Shut down
