[INIT]
[INFO]: Binding to port 17051
[INFO]: Listening on port 17051
[INFO]: Waiting for connect
[INFO]: Accepted channel from rank 0
[INFO]: Connected to rank 2
[INFO]: Rank=1 ClockRate=4
[SEND to 2] SysTime=17:47:18 LogicalClock=1
[SEND to 2] SysTime=17:47:18 LogicalClock=2
[RECEIVE] SysTime=17:47:19 Node=1 From=0 QueueLen=0 LogicalClock=3
[RECEIVE] SysTime=17:47:19 Node=1 From=0 QueueLen=0 LogicalClock=4
[RECEIVE] SysTime=17:47:20 Node=1 From=2 QueueLen=0 LogicalClock=5
[SEND to 0] SysTime=17:47:20 LogicalClock=6
[SEND to 2] SysTime=17:47:20 LogicalClock=6
[SEND to 0] SysTime=17:47:20 LogicalClock=7
[SEND to 2] SysTime=17:47:20 LogicalClock=7
[RECEIVE] SysTime=17:47:21 Node=1 From=0 QueueLen=0 LogicalClock=8
[RECEIVE] SysTime=17:47:21 Node=1 From=2 QueueLen=0 LogicalClock=9
[RECEIVE] SysTime=17:47:22 Node=1 From=2 QueueLen=0 LogicalClock=11
[RECEIVE] SysTime=17:47:23 Node=1 From=0 QueueLen=0 LogicalClock=12
[RECEIVE] SysTime=17:47:24 Node=1 From=0 QueueLen=0 LogicalClock=13
[SEND to 0] SysTime=17:47:24 LogicalClock=14
[SEND to 2] SysTime=17:47:24 LogicalClock=14
[SEND to 0] SysTime=17:47:24 LogicalClock=15
[SEND to 2] SysTime=17:47:24 LogicalClock=15
[RECEIVE] SysTime=17:47:25 Node=1 From=2 QueueLen=0 LogicalClock=17
[SEND to 0] SysTime=17:47:25 LogicalClock=18
[SEND to 2] SysTime=17:47:25 LogicalClock=18
[RECEIVE] SysTime=17:47:25 Node=1 From=0 QueueLen=0 LogicalClock=19
[RECEIVE] SysTime=17:47:26 Node=1 From=0 QueueLen=0 LogicalClock=20
[SEND to 2] SysTime=17:47:26 LogicalClock=21
[SEND to 0] SysTime=17:47:26 LogicalClock=22
[SEND to 2] SysTime=17:47:26 LogicalClock=22
[INTERNAL] SysTime=17:47:27 Node=1 LogicalClock=23
[SEND to 2] SysTime=17:47:28 LogicalClock=24
[RECEIVE] SysTime=17:47:29 Node=1 From=0 QueueLen=0 LogicalClock=25
[RECEIVE] SysTime=17:47:29 Node=1 From=0 QueueLen=0 LogicalClock=26
[RECEIVE] SysTime=17:47:30 Node=1 From=2 QueueLen=0 LogicalClock=27
[SEND to 0] SysTime=17:47:30 LogicalClock=28
[SEND to 2] SysTime=17:47:30 LogicalClock=28
[RECEIVE] SysTime=17:47:30 Node=1 From=2 QueueLen=0 LogicalClock=29
[RECEIVE] SysTime=17:47:31 Node=1 From=0 QueueLen=0 LogicalClock=30
[SEND to 0] SysTime=17:47:31 LogicalClock=31
[RECEIVE] SysTime=17:47:32 Node=1 From=2 QueueLen=0 LogicalClock=32
[SEND to 0] SysTime=17:47:32 LogicalClock=33
[SEND to 2] SysTime=17:47:32 LogicalClock=33
[SEND to 0] SysTime=17:47:32 LogicalClock=34
[SEND to 2] SysTime=17:47:33 LogicalClock=35
[INTERNAL] SysTime=17:47:33 Node=1 LogicalClock=36
[RECEIVE] SysTime=17:47:34 Node=1 From=2 QueueLen=0 LogicalClock=37
[SEND to 0] SysTime=17:47:34 LogicalClock=38
[INTERNAL] SysTime=17:47:34 Node=1 LogicalClock=39
[SEND to 0] SysTime=17:47:34 LogicalClock=40
[SEND to 2] SysTime=17:47:34 LogicalClock=40
[RECEIVE] SysTime=17:47:35 Node=1 From=2 QueueLen=0 LogicalClock=41
[RECEIVE] SysTime=17:47:35 Node=1 From=2 QueueLen=0 LogicalClock=42
[RECEIVE] SysTime=17:47:36 Node=1 From=0 QueueLen=0 LogicalClock=43
[SEND to 0] SysTime=17:47:36 LogicalClock=44
[INTERNAL] SysTime=17:47:37 Node=1 LogicalClock=45
[SEND to 0] SysTime=17:47:37 LogicalClock=46
[RECEIVE] SysTime=17:47:37 Node=1 From=2 QueueLen=0 LogicalClock=47
[RECEIVE] SysTime=17:47:38 Node=1 From=2 QueueLen=0 LogicalClock=48
[INTERNAL] SysTime=17:47:38 Node=1 LogicalClock=49
[RECEIVE] SysTime=17:47:38 Node=1 From=0 QueueLen=1 LogicalClock=50
[RECEIVE] SysTime=17:47:38 Node=1 From=2 QueueLen=1 LogicalClock=51
[RECEIVE] SysTime=17:47:39 Node=1 From=0 QueueLen=1 LogicalClock=52
[RECEIVE] SysTime=17:47:39 Node=1 From=0 QueueLen=0 LogicalClock=53
[SEND to 2] SysTime=17:47:39 LogicalClock=54
[RECEIVE] SysTime=17:47:40 Node=1 From=2 QueueLen=0 LogicalClock=55
[SEND to 0] SysTime=17:47:40 LogicalClock=56
[SEND to 2] SysTime=17:47:40 LogicalClock=56
[RECEIVE] SysTime=17:47:41 Node=1 From=2 QueueLen=0 LogicalClock=57
[RECEIVE] SysTime=17:47:41 Node=1 From=2 QueueLen=0 LogicalClock=58
[RECEIVE] SysTime=17:47:41 Node=1 From=2 QueueLen=0 LogicalClock=59
[RECEIVE] SysTime=17:47:42 Node=1 From=2 QueueLen=0 LogicalClock=60
[SEND to 0] SysTime=17:47:42 LogicalClock=61
[SEND to 2] SysTime=17:47:44 LogicalClock=62
[RECEIVE] SysTime=17:47:45 Node=1 From=2 QueueLen=0 LogicalClock=65
[RECEIVE] SysTime=17:47:46 Node=1 From=0 QueueLen=0 LogicalClock=67
[SEND to 0] SysTime=17:47:46 LogicalClock=68
[RECEIVE] SysTime=17:47:46 Node=1 From=2 QueueLen=0 LogicalClock=69
[SEND to 2] SysTime=17:47:47 LogicalClock=70
[SEND to 2] SysTime=17:47:48 LogicalClock=71
[SEND to 2] SysTime=17:47:48 LogicalClock=72
[RECEIVE] SysTime=17:47:48 Node=1 From=0 QueueLen=0 LogicalClock=73
[RECEIVE] SysTime=17:47:48 Node=1 From=0 QueueLen=0 LogicalClock=74
[SEND to 2] SysTime=17:47:49 LogicalClock=75
[SEND to 0] SysTime=17:47:49 LogicalClock=76
[SEND to 0] SysTime=17:47:49 LogicalClock=77
[SEND to 2] SysTime=17:47:49 LogicalClock=77
[SEND to 2] SysTime=17:47:50 LogicalClock=78
[RECEIVE] SysTime=17:47:50 Node=1 From=0 QueueLen=0 LogicalClock=79
[RECEIVE] SysTime=17:47:52 Node=1 From=2 QueueLen=0 LogicalClock=82
[INTERNAL] SysTime=17:47:52 Node=1 LogicalClock=83
[SEND to 2] SysTime=17:47:52 LogicalClock=84
[RECEIVE] SysTime=17:47:53 Node=1 From=0 QueueLen=0 LogicalClock=85
[SEND to 0] SysTime=17:47:53 LogicalClock=86
[SEND to 2] SysTime=17:47:53 LogicalClock=86
[RECEIVE] SysTime=17:47:54 Node=1 From=2 QueueLen=0 LogicalClock=88
[RECEIVE] SysTime=17:47:56 Node=1 From=0 QueueLen=1 LogicalClock=91
[RECEIVE] SysTime=17:47:56 Node=1 From=2 QueueLen=0 LogicalClock=92
[RECEIVE] SysTime=17:47:56 Node=1 From=2 QueueLen=0 LogicalClock=93
[RECEIVE] SysTime=17:47:58 Node=1 From=2 QueueLen=1 LogicalClock=94
[RECEIVE] SysTime=17:47:58 Node=1 From=2 QueueLen=0 LogicalClock=97
[INTERNAL] SysTime=17:47:58 Node=1 LogicalClock=98
[RECEIVE] SysTime=17:47:58 Node=1 From=2 QueueLen=0 LogicalClock=99
[RECEIVE] SysTime=17:47:59 Node=1 From=2 QueueLen=0 LogicalClock=100
[RECEIVE] SysTime=17:47:59 Node=1 From=0 QueueLen=0 LogicalClock=101
[SEND to 0] SysTime=17:47:59 LogicalClock=102
[SEND to 2] SysTime=17:47:59 LogicalClock=103
[RECEIVE] SysTime=17:48:00 Node=1 From=0 QueueLen=0 LogicalClock=104
[INTERNAL] SysTime=17:48:00 Node=1 LogicalClock=105
[SEND to 0] SysTime=17:48:00 LogicalClock=106
[SEND to 2] SysTime=17:48:00 LogicalClock=106
[INTERNAL] SysTime=17:48:01 Node=1 LogicalClock=107
[INTERNAL] SysTime=17:48:01 Node=1 LogicalClock=108
[RECEIVE] SysTime=17:48:01 Node=1 From=2 QueueLen=0 LogicalClock=109
[RECEIVE] SysTime=17:48:02 Node=1 From=2 QueueLen=0 LogicalClock=110
[RECEIVE] SysTime=17:48:03 Node=1 From=2 QueueLen=0 LogicalClock=111
[RECEIVE] SysTime=17:48:03 Node=1 From=0 QueueLen=0 LogicalClock=112
[RECEIVE] SysTime=17:48:04 Node=1 From=0 QueueLen=0 LogicalClock=113
[SEND to 2] SysTime=17:48:04 LogicalClock=114
[RECEIVE] SysTime=17:48:05 Node=1 From=2 QueueLen=0 LogicalClock=115
[RECEIVE] SysTime=17:48:05 Node=1 From=2 QueueLen=0 LogicalClock=117
[RECEIVE] SysTime=17:48:06 Node=1 From=2 QueueLen=0 LogicalClock=118
[RECEIVE] SysTime=17:48:07 Node=1 From=2 QueueLen=0 LogicalClock=119
[SEND to 0] SysTime=17:48:07 LogicalClock=120
[SEND to 2] SysTime=17:48:07 LogicalClock=120
[SEND to 0] SysTime=17:48:07 LogicalClock=121
[SEND to 2] SysTime=17:48:08 LogicalClock=122
[SEND to 0] SysTime=17:48:08 LogicalClock=123
[SEND to 2] SysTime=17:48:08 LogicalClock=123
[SEND to 0] SysTime=17:48:09 LogicalClock=124
[SEND to 2] SysTime=17:48:09 LogicalClock=124
[RECEIVE] SysTime=17:48:10 Node=1 From=0 QueueLen=0 LogicalClock=125
[SEND to 0] SysTime=17:48:10 LogicalClock=126
[SEND to 2] SysTime=17:48:10 LogicalClock=126
[INTERNAL] SysTime=17:48:10 Node=1 LogicalClock=127
[RECEIVE] SysTime=17:48:11 Node=1 From=2 QueueLen=0 LogicalClock=128
[RECEIVE] SysTime=17:48:11 Node=1 From=0 QueueLen=0 LogicalClock=129
[RECEIVE] SysTime=17:48:12 Node=1 From=2 QueueLen=0 LogicalClock=130
[SEND to 0] SysTime=17:48:12 LogicalClock=131
[SEND to 0] SysTime=17:48:13 LogicalClock=132
[SEND to 2] SysTime=17:48:13 LogicalClock=132
[RECEIVE] SysTime=17:48:14 Node=1 From=0 QueueLen=0 LogicalClock=134
[SEND to 0] SysTime=17:48:14 LogicalClock=135
[SEND to 2] SysTime=17:48:14 LogicalClock=135
[RECEIVE] SysTime=17:48:15 Node=1 From=0 QueueLen=0 LogicalClock=137
[SEND to 2] SysTime=17:48:15 LogicalClock=138
[SEND to 0] SysTime=17:48:15 LogicalClock=139
[SEND to 2] SysTime=17:48:15 LogicalClock=139
[SEND to 0] SysTime=17:48:16 LogicalClock=140
[SEND to 0] SysTime=17:48:16 LogicalClock=141
[SEND to 2] SysTime=17:48:16 LogicalClock=141
[SEND to 0] SysTime=17:48:17 LogicalClock=142
[RECEIVE] SysTime=17:48:18 Node=1 From=0 QueueLen=1 LogicalClock=145
[INFO]: Shutting down
[INFO]: Shut down
