[INIT]
[INFO]: Binding to port 17052
[INFO]: Listening on port 17052
[INFO]: Waiting for connect
[INFO]: Accepted channel from rank 0
[INFO]: Waiting for connect
[INFO]: Accepted channel from rank 1
[INFO]: Rank=2 ClockRate=3
[RECEIVE] SysTime=17:47:18 Node=2 From=0 QueueLen=2 LogicalClock=1
[RECEIVE] SysTime=17:47:19 Node=2 From=1 QueueLen=1 LogicalClock=2
[RECEIVE] SysTime=17:47:19 Node=2 From=1 QueueLen=0 LogicalClock=3
[RECEIVE] SysTime=17:47:19 Node=2 From=0 QueueLen=0 LogicalClock=4
[SEND to 0] SysTime=17:47:20 LogicalClock=5
[SEND to 1] SysTime=17:47:20 LogicalClock=5
[RECEIVE] SysTime=17:47:20 Node=2 From=0 QueueLen=0 LogicalClock=6
[RECEIVE] SysTime=17:47:20 Node=2 From=1 QueueLen=0 LogicalClock=7
[RECEIVE] SysTime=17:47:21 Node=2 From=1 QueueLen=0 LogicalClock=8
[SEND to 0] SysTime=17:47:21 LogicalClock=9
[SEND to 1] SysTime=17:47:21 LogicalClock=9
[SEND to 0] SysTime=17:47:22 LogicalClock=10
[SEND to 1] SysTime=17:47:22 LogicalClock=11
[RECEIVE] SysTime=17:47:23 Node=2 From=0 QueueLen=0 LogicalClock=12
[RECEIVE] SysTime=17:47:24 Node=2 From=0 QueueLen=3 LogicalClock=13
[RECEIVE] SysTime=17:47:24 Node=2 From=1 QueueLen=2 LogicalClock=14
[RECEIVE] SysTime=17:47:24 Node=2 From=1 QueueLen=1 LogicalClock=15
[RECEIVE] SysTime=17:47:24 Node=2 From=0 QueueLen=0 LogicalClock=16
[SEND to 1] SysTime=17:47:25 LogicalClock=17
[RECEIVE] SysTime=17:47:25 Node=2 From=1 QueueLen=0 LogicalClock=18
[RECEIVE] SysTime=17:47:26 Node=2 From=1 QueueLen=1 LogicalClock=21
[RECEIVE] SysTime=17:47:27 Node=2 From=1 QueueLen=0 LogicalClock=22
[RECEIVE] SysTime=17:47:27 Node=2 From=0 QueueLen=0 LogicalClock=23
[SEND to 0] SysTime=17:47:27 LogicalClock=24
[RECEIVE] SysTime=17:47:28 Node=2 From=1 QueueLen=0 LogicalClock=25
[RECEIVE] SysTime=17:47:29 Node=2 From=0 QueueLen=0 LogicalClock=26
[SEND to 0] SysTime=17:47:30 LogicalClock=27
[SEND to 1] SysTime=17:47:30 LogicalClock=27
[SEND to 1] SysTime=17:47:30 LogicalClock=28
[RECEIVE] SysTime=17:47:30 Node=2 From=1 QueueLen=0 LogicalClock=29
[RECEIVE] SysTime=17:47:31 Node=2 From=0 QueueLen=0 LogicalClock=30
[SEND to 0] SysTime=17:47:32 LogicalClock=31
[SEND to 1] SysTime=17:47:32 LogicalClock=31
[RECEIVE] SysTime=17:47:32 Node=2 From=1 QueueLen=0 LogicalClock=33
[RECEIVE] SysTime=17:47:33 Node=2 From=1 QueueLen=0 LogicalClock=35
[SEND to 1] SysTime=17:47:34 LogicalClock=36
[RECEIVE] SysTime=17:47:34 Node=2 From=0 QueueLen=1 LogicalClock=37
[RECEIVE] SysTime=17:47:34 Node=2 From=0 QueueLen=0 LogicalClock=38
[RECEIVE] SysTime=17:47:35 Node=2 From=1 QueueLen=0 LogicalClock=40
[SEND to 1] SysTime=17:47:35 LogicalClock=41
[SEND to 1] SysTime=17:47:35 LogicalClock=42
[SEND to 0] SysTime=17:47:37 LogicalClock=43
[SEND to 1] SysTime=17:47:37 LogicalClock=43
[SEND to 1] SysTime=17:47:38 LogicalClock=44
[SEND to 1] SysTime=17:47:38 LogicalClock=45
[RECEIVE] SysTime=17:47:38 Node=2 From=0 QueueLen=0 LogicalClock=48
[SEND to 0] SysTime=17:47:39 LogicalClock=49
[RECEIVE] SysTime=17:47:39 Node=2 From=1 QueueLen=0 LogicalClock=54
[SEND to 1] SysTime=17:47:40 LogicalClock=55
[RECEIVE] SysTime=17:47:40 Node=2 From=1 QueueLen=0 LogicalClock=56
[SEND to 1] SysTime=17:47:41 LogicalClock=57
[SEND to 1] SysTime=17:47:41 LogicalClock=58
[SEND to 0] SysTime=17:47:41 LogicalClock=59
[SEND to 1] SysTime=17:47:41 LogicalClock=59
[SEND to 1] SysTime=17:47:42 LogicalClock=60
[SEND to 0] SysTime=17:47:42 LogicalClock=61
[INTERNAL] SysTime=17:47:43 Node=2 LogicalClock=62
[RECEIVE] SysTime=17:47:44 Node=2 From=0 QueueLen=0 LogicalClock=63
[RECEIVE] SysTime=17:47:44 Node=2 From=1 QueueLen=0 LogicalClock=64
[SEND to 1] SysTime=17:47:45 LogicalClock=65
[SEND to 0] SysTime=17:47:45 LogicalClock=66
[INTERNAL] SysTime=17:47:45 Node=2 LogicalClock=67
[SEND to 1] SysTime=17:47:46 LogicalClock=68
[RECEIVE] SysTime=17:47:47 Node=2 From=1 QueueLen=0 LogicalClock=70
[RECEIVE] SysTime=17:47:48 Node=2 From=1 QueueLen=0 LogicalClock=71
[RECEIVE] SysTime=17:47:48 Node=2 From=0 QueueLen=1 LogicalClock=72
[RECEIVE] SysTime=17:47:49 Node=2 From=1 QueueLen=1 LogicalClock=73
[RECEIVE] SysTime=17:47:49 Node=2 From=0 QueueLen=1 LogicalClock=74
[RECEIVE] SysTime=17:47:49 Node=2 From=1 QueueLen=0 LogicalClock=75
[RECEIVE] SysTime=17:47:50 Node=2 From=1 QueueLen=0 LogicalClock=77
[RECEIVE] SysTime=17:47:50 Node=2 From=1 QueueLen=0 LogicalClock=78
[RECEIVE] SysTime=17:47:50 Node=2 From=0 QueueLen=0 LogicalClock=79
[SEND to 0] SysTime=17:47:51 LogicalClock=80
[RECEIVE] SysTime=17:47:51 Node=2 From=0 QueueLen=0 LogicalClock=81
[SEND to 1] SysTime=17:47:52 LogicalClock=82
[RECEIVE] SysTime=17:47:53 Node=2 From=1 QueueLen=0 LogicalClock=84
[INTERNAL] SysTime=17:47:53 Node=2 LogicalClock=85
[RECEIVE] SysTime=17:47:53 Node=2 From=1 QueueLen=0 LogicalClock=86
[SEND to 0] SysTime=17:47:54 LogicalClock=87
[SEND to 1] SysTime=17:47:54 LogicalClock=88
[SEND to 0] SysTime=17:47:55 LogicalClock=89
[SEND to 0] SysTime=17:47:55 LogicalClock=90
[SEND to 1] SysTime=17:47:56 LogicalClock=91
[INTERNAL] SysTime=17:47:56 Node=2 LogicalClock=92
[SEND to 0] SysTime=17:47:56 LogicalClock=93
[SEND to 1] SysTime=17:47:56 LogicalClock=93
[SEND to 0] SysTime=17:47:58 LogicalClock=94
[SEND to 1] SysTime=17:47:58 LogicalClock=94
[INTERNAL] SysTime=17:47:58 Node=2 LogicalClock=95
[INTERNAL] SysTime=17:47:58 Node=2 LogicalClock=96
[SEND to 0] SysTime=17:47:58 LogicalClock=97
[SEND to 1] SysTime=17:47:58 LogicalClock=97
[SEND to 0] SysTime=17:47:58 LogicalClock=98
[SEND to 1] SysTime=17:47:58 LogicalClock=98
[SEND to 1] SysTime=17:47:59 LogicalClock=99
[RECEIVE] SysTime=17:47:59 Node=2 From=0 QueueLen=0 LogicalClock=100
[RECEIVE] SysTime=17:48:00 Node=2 From=1 QueueLen=0 LogicalClock=103
[RECEIVE] SysTime=17:48:01 Node=2 From=1 QueueLen=0 LogicalClock=106
[SEND to 0] SysTime=17:48:01 LogicalClock=107
[SEND to 1] SysTime=17:48:01 LogicalClock=107
[RECEIVE] SysTime=17:48:02 Node=2 From=0 QueueLen=0 LogicalClock=108
[SEND to 1] SysTime=17:48:02 LogicalClock=109
[SEND to 1] SysTime=17:48:03 LogicalClock=110
[INTERNAL] SysTime=17:48:03 Node=2 LogicalClock=111
[RECEIVE] SysTime=17:48:04 Node=2 From=0 QueueLen=0 LogicalClock=112
[RECEIVE] SysTime=17:48:04 Node=2 From=0 QueueLen=0 LogicalClock=113
[RECEIVE] SysTime=17:48:04 Node=2 From=1 QueueLen=0 LogicalClock=114
[SEND to 1] SysTime=17:48:05 LogicalClock=115
[RECEIVE] SysTime=17:48:05 Node=2 From=0 QueueLen=0 LogicalClock=116
[SEND to 0] SysTime=17:48:05 LogicalClock=117
[SEND to 1] SysTime=17:48:05 LogicalClock=117
[SEND to 0] SysTime=17:48:06 LogicalClock=118
[SEND to 1] SysTime=17:48:06 LogicalClock=118
[SEND to 0] SysTime=17:48:07 LogicalClock=119
[SEND to 1] SysTime=17:48:07 LogicalClock=119
[RECEIVE] SysTime=17:48:07 Node=2 From=1 QueueLen=0 LogicalClock=120
[RECEIVE] SysTime=17:48:08 Node=2 From=1 QueueLen=0 LogicalClock=122
[RECEIVE] SysTime=17:48:08 Node=2 From=1 QueueLen=0 LogicalClock=123
[RECEIVE] SysTime=17:48:09 Node=2 From=1 QueueLen=0 LogicalClock=124
[SEND to 0] SysTime=17:48:10 LogicalClock=125
[RECEIVE] SysTime=17:48:10 Node=2 From=1 QueueLen=0 LogicalClock=126
[SEND to 1] SysTime=17:48:11 LogicalClock=127
[RECEIVE] SysTime=17:48:11 Node=2 From=0 QueueLen=0 LogicalClock=128
[SEND to 0] SysTime=17:48:12 LogicalClock=129
[SEND to 1] SysTime=17:48:12 LogicalClock=129
[RECEIVE] SysTime=17:48:13 Node=2 From=1 QueueLen=0 LogicalClock=132
[RECEIVE] SysTime=17:48:14 Node=2 From=1 QueueLen=0 LogicalClock=135
[RECEIVE] SysTime=17:48:15 Node=2 From=0 QueueLen=0 LogicalClock=137
[RECEIVE] SysTime=17:48:15 Node=2 From=0 QueueLen=0 LogicalClock=138
[RECEIVE] SysTime=17:48:15 Node=2 From=1 QueueLen=0 LogicalClock=139
[RECEIVE] SysTime=17:48:16 Node=2 From=0 QueueLen=1 LogicalClock=140
[RECEIVE] SysTime=17:48:16 Node=2 From=1 QueueLen=0 LogicalClock=141
[INTERNAL] SysTime=17:48:16 Node=2 LogicalClock=142
[RECEIVE] SysTime=17:48:17 Node=2 From=1 QueueLen=0 LogicalClock=143
[RECEIVE] SysTime=17:48:17 Node=2 From=0 QueueLen=0 LogicalClock=144
[SEND to 1] SysTime=17:48:18 LogicalClock=145
[INFO]: Shutting down
[INFO]: Shut down
