[INIT]
[INFO]: Binding to port 17051
[INFO]: Listening on port 17051
[INFO]: Waiting for connect
[INFO]: Accepted channel from rank 0
[INFO]: Connected to rank 2
[INFO]: Rank=1 ClockRate=3
[INTERNAL] SysTime=15:27:58 Node=1 LogicalClock=1
[RECEIVE] SysTime=15:27:58 Node=1 From=2 QueueLen=0 LogicalClock=2
[RECEIVE] SysTime=15:27:58 Node=1 From=2 QueueLen=1 LogicalClock=3
[RECEIVE] SysTime=15:27:59 Node=1 From=2 QueueLen=1 LogicalClock=4
[RECEIVE] SysTime=15:27:59 Node=1 From=0 QueueLen=1 LogicalClock=5
[RECEIVE] SysTime=15:27:59 Node=1 From=0 QueueLen=0 LogicalClock=8
[RECEIVE] SysTime=15:28:00 Node=1 From=2 QueueLen=1 LogicalClock=10
[RECEIVE] SysTime=15:28:00 Node=1 From=0 QueueLen=1 LogicalClock=12
[RECEIVE] SysTime=15:28:00 Node=1 From=0 QueueLen=0 LogicalClock=15
[RECEIVE] SysTime=15:28:01 Node=1 From=0 QueueLen=0 LogicalClock=19
[INTERNAL] SysTime=15:28:01 Node=1 LogicalClock=20
[RECEIVE] SysTime=15:28:01 Node=1 From=2 QueueLen=0 LogicalClock=21
[INTERNAL] SysTime=15:28:02 Node=1 LogicalClock=22
[RECEIVE] SysTime=15:28:02 Node=1 From=0 QueueLen=0 LogicalClock=25
[INTERNAL] SysTime=15:28:02 Node=1 LogicalClock=26
[RECEIVE] SysTime=15:28:03 Node=1 From=0 QueueLen=1 LogicalClock=30
[RECEIVE] SysTime=15:28:03 Node=1 From=0 QueueLen=0 LogicalClock=31
[SEND to 2] SysTime=15:28:03 LogicalClock=32
[RECEIVE] SysTime=15:28:04 Node=1 From=0 QueueLen=1 LogicalClock=35
[RECEIVE] SysTime=15:28:04 Node=1 From=0 QueueLen=1 LogicalClock=36
[RECEIVE] SysTime=15:28:04 Node=1 From=2 QueueLen=1 LogicalClock=37
[RECEIVE] SysTime=15:28:05 Node=1 From=2 QueueLen=0 LogicalClock=39
[INTERNAL] SysTime=15:28:05 Node=1 LogicalClock=40
[INTERNAL] SysTime=15:28:05 Node=1 LogicalClock=41
[RECEIVE] SysTime=15:28:06 Node=1 From=0 QueueLen=0 LogicalClock=49
[SEND to 0] SysTime=15:28:06 LogicalClock=50
[RECEIVE] SysTime=15:28:06 Node=1 From=0 QueueLen=0 LogicalClock=53
[INTERNAL] SysTime=15:28:07 Node=1 LogicalClock=54
[RECEIVE] SysTime=15:28:07 Node=1 From=0 QueueLen=1 LogicalClock=55
[RECEIVE] SysTime=15:28:08 Node=1 From=0 QueueLen=0 LogicalClock=57
[SEND to 0] SysTime=15:28:08 LogicalClock=58
[SEND to 2] SysTime=15:28:08 LogicalClock=58
[SEND to 0] SysTime=15:28:08 LogicalClock=59
[SEND to 2] SysTime=15:28:08 LogicalClock=59
[SEND to 2] SysTime=15:28:08 LogicalClock=60
[INTERNAL] SysTime=15:28:09 Node=1 LogicalClock=61
[SEND to 0] SysTime=15:28:09 LogicalClock=62
[SEND to 2] SysTime=15:28:09 LogicalClock=62
[RECEIVE] SysTime=15:28:09 Node=1 From=2 QueueLen=0 LogicalClock=71
[INTERNAL] SysTime=15:28:10 Node=1 LogicalClock=72
[SEND to 0] SysTime=15:28:10 LogicalClock=73
[RECEIVE] SysTime=15:28:10 Node=1 From=2 QueueLen=0 LogicalClock=76
[SEND to 0] SysTime=15:28:11 LogicalClock=77
[SEND to 2] SysTime=15:28:11 LogicalClock=77
[RECEIVE] SysTime=15:28:11 Node=1 From=2 QueueLen=0 LogicalClock=78
[RECEIVE] SysTime=15:28:11 Node=1 From=2 QueueLen=0 LogicalClock=81
[RECEIVE] SysTime=15:28:12 Node=1 From=0 QueueLen=0 LogicalClock=83
[RECEIVE] SysTime=15:28:12 Node=1 From=2 QueueLen=0 LogicalClock=84
[RECEIVE] SysTime=15:28:12 Node=1 From=0 QueueLen=0 LogicalClock=87
[INTERNAL] SysTime=15:28:13 Node=1 LogicalClock=88
[RECEIVE] SysTime=15:28:13 Node=1 From=0 QueueLen=0 LogicalClock=92
[SEND to 0] SysTime=15:28:13 LogicalClock=93
[SEND to 2] SysTime=15:28:13 LogicalClock=93
[INTERNAL] SysTime=15:28:14 Node=1 LogicalClock=94
[INTERNAL] SysTime=15:28:14 Node=1 LogicalClock=95
[INTERNAL] SysTime=15:28:14 Node=1 LogicalClock=96
[INTERNAL] SysTime=15:28:15 Node=1 LogicalClock=97
[RECEIVE] SysTime=15:28:15 Node=1 From=0 QueueLen=0 LogicalClock=104
[SEND to 0] SysTime=15:28:15 LogicalClock=105
[SEND to 2] SysTime=15:28:16 LogicalClock=106
[INTERNAL] SysTime=15:28:16 Node=1 LogicalClock=107
[RECEIVE] SysTime=15:28:16 Node=1 From=0 QueueLen=0 LogicalClock=112
[INTERNAL] SysTime=15:28:17 Node=1 LogicalClock=113
[INTERNAL] SysTime=15:28:17 Node=1 LogicalClock=114
[RECEIVE] SysTime=15:28:17 Node=1 From=0 QueueLen=0 LogicalClock=118
[INTERNAL] SysTime=15:28:18 Node=1 LogicalClock=119
[SEND to 2] SysTime=15:28:18 LogicalClock=120
[INTERNAL] SysTime=15:28:18 Node=1 LogicalClock=121
[RECEIVE] SysTime=15:28:19 Node=1 From=2 QueueLen=0 LogicalClock=124
[SEND to 0] SysTime=15:28:19 LogicalClock=125
[SEND to 0] SysTime=15:28:19 LogicalClock=126
[SEND to 2] SysTime=15:28:19 LogicalClock=126
[INTERNAL] SysTime=15:28:20 Node=1 LogicalClock=127
[RECEIVE] SysTime=15:28:20 Node=1 From=2 QueueLen=0 LogicalClock=131
[SEND to 0] SysTime=15:28:20 LogicalClock=132
[RECEIVE] SysTime=15:28:21 Node=1 From=0 QueueLen=1 LogicalClock=137
[RECEIVE] SysTime=15:28:21 Node=1 From=2 QueueLen=1 LogicalClock=138
[RECEIVE] SysTime=15:28:21 Node=1 From=0 QueueLen=0 LogicalClock=140
[RECEIVE] SysTime=15:28:22 Node=1 From=0 QueueLen=0 LogicalClock=143
[INTERNAL] SysTime=15:28:22 Node=1 LogicalClock=144
[RECEIVE] SysTime=15:28:22 Node=1 From=0 QueueLen=0 LogicalClock=147
[RECEIVE] SysTime=15:28:23 Node=1 From=0 QueueLen=0 LogicalClock=150
[RECEIVE] SysTime=15:28:23 Node=1 From=0 QueueLen=0 LogicalClock=153
[SEND to 2] SysTime=15:28:23 LogicalClock=154
[RECEIVE] SysTime=15:28:24 Node=1 From=0 QueueLen=0 LogicalClock=156
[RECEIVE] SysTime=15:28:24 Node=1 From=0 QueueLen=1 LogicalClock=158
[RECEIVE] SysTime=15:28:24 Node=1 From=0 QueueLen=0 LogicalClock=159
[RECEIVE] SysTime=15:28:25 Node=1 From=0 QueueLen=2 LogicalClock=161
[RECEIVE] SysTime=15:28:25 Node=1 From=0 QueueLen=2 LogicalClock=162
[RECEIVE] SysTime=15:28:25 Node=1 From=0 QueueLen=2 LogicalClock=163
[RECEIVE] SysTime=15:28:26 Node=1 From=2 QueueLen=2 LogicalClock=164
[RECEIVE] SysTime=15:28:26 Node=1 From=2 QueueLen=1 LogicalClock=165
[RECEIVE] SysTime=15:28:26 Node=1 From=0 QueueLen=2 LogicalClock=168
[RECEIVE] SysTime=15:28:27 Node=1 From=0 QueueLen=2 LogicalClock=172
[RECEIVE] SysTime=15:28:27 Node=1 From=2 QueueLen=1 LogicalClock=173
[RECEIVE] SysTime=15:28:27 Node=1 From=2 QueueLen=2 LogicalClock=174
[RECEIVE] SysTime=15:28:28 Node=1 From=0 QueueLen=1 LogicalClock=177
[RECEIVE] SysTime=15:28:28 Node=1 From=0 QueueLen=1 LogicalClock=178
[RECEIVE] SysTime=15:28:28 Node=1 From=0 QueueLen=1 LogicalClock=181
[RECEIVE] SysTime=15:28:29 Node=1 From=0 QueueLen=1 LogicalClock=183
[RECEIVE] SysTime=15:28:29 Node=1 From=2 QueueLen=1 LogicalClock=185
[RECEIVE] SysTime=15:28:29 Node=1 From=0 QueueLen=0 LogicalClock=188
[INTERNAL] SysTime=15:28:30 Node=1 LogicalClock=189
[RECEIVE] SysTime=15:28:30 Node=1 From=0 QueueLen=0 LogicalClock=193
[INTERNAL] SysTime=15:28:30 Node=1 LogicalClock=194
[SEND to 0] SysTime=15:28:31 LogicalClock=195
[INTERNAL] SysTime=15:28:31 Node=1 LogicalClock=196
[RECEIVE] SysTime=15:28:31 Node=1 From=0 QueueLen=1 LogicalClock=202
[RECEIVE] SysTime=15:28:32 Node=1 From=2 QueueLen=0 LogicalClock=203
[RECEIVE] SysTime=15:28:32 Node=1 From=2 QueueLen=0 LogicalClock=204
[RECEIVE] SysTime=15:28:32 Node=1 From=2 QueueLen=0 LogicalClock=207
[RECEIVE] SysTime=15:28:33 Node=1 From=0 QueueLen=0 LogicalClock=211
[INTERNAL] SysTime=15:28:33 Node=1 LogicalClock=212
[INTERNAL] SysTime=15:28:33 Node=1 LogicalClock=213
[INTERNAL] SysTime=15:28:34 Node=1 LogicalClock=214
[RECEIVE] SysTime=15:28:34 Node=1 From=2 QueueLen=0 LogicalClock=215
[RECEIVE] SysTime=15:28:34 Node=1 From=2 QueueLen=0 LogicalClock=216
[RECEIVE] SysTime=15:28:35 Node=1 From=2 QueueLen=1 LogicalClock=218
[RECEIVE] SysTime=15:28:35 Node=1 From=0 QueueLen=0 LogicalClock=222
[SEND to 0] SysTime=15:28:35 LogicalClock=223
[SEND to 2] SysTime=15:28:35 LogicalClock=223
[INTERNAL] SysTime=15:28:36 Node=1 LogicalClock=224
[RECEIVE] SysTime=15:28:36 Node=1 From=0 QueueLen=1 LogicalClock=229
[RECEIVE] SysTime=15:28:36 Node=1 From=2 QueueLen=1 LogicalClock=230
[RECEIVE] SysTime=15:28:37 Node=1 From=2 QueueLen=1 LogicalClock=231
[RECEIVE] SysTime=15:28:37 Node=1 From=0 QueueLen=1 LogicalClock=234
[RECEIVE] SysTime=15:28:37 Node=1 From=0 QueueLen=2 LogicalClock=235
[RECEIVE] SysTime=15:28:38 Node=1 From=0 QueueLen=3 LogicalClock=237
[RECEIVE] SysTime=15:28:38 Node=1 From=2 QueueLen=2 LogicalClock=238
[RECEIVE] SysTime=15:28:38 Node=1 From=2 QueueLen=2 LogicalClock=239
[RECEIVE] SysTime=15:28:39 Node=1 From=0 QueueLen=2 LogicalClock=241
[RECEIVE] SysTime=15:28:39 Node=1 From=2 QueueLen=1 LogicalClock=243
[RECEIVE] SysTime=15:28:39 Node=1 From=2 QueueLen=0 LogicalClock=244
[RECEIVE] SysTime=15:28:40 Node=1 From=2 QueueLen=0 LogicalClock=249
[RECEIVE] SysTime=15:28:40 Node=1 From=2 QueueLen=0 LogicalClock=250
[RECEIVE] SysTime=15:28:41 Node=1 From=2 QueueLen=0 LogicalClock=253
[INTERNAL] SysTime=15:28:41 Node=1 LogicalClock=254
[INTERNAL] SysTime=15:28:41 Node=1 LogicalClock=255
[SEND to 0] SysTime=15:28:41 LogicalClock=256
[RECEIVE] SysTime=15:28:42 Node=1 From=0 QueueLen=0 LogicalClock=265
[RECEIVE] SysTime=15:28:42 Node=1 From=2 QueueLen=1 LogicalClock=266
[RECEIVE] SysTime=15:28:42 Node=1 From=0 QueueLen=1 LogicalClock=267
[RECEIVE] SysTime=15:28:43 Node=1 From=2 QueueLen=1 LogicalClock=268
[RECEIVE] SysTime=15:28:43 Node=1 From=0 QueueLen=0 LogicalClock=270
[RECEIVE] SysTime=15:28:43 Node=1 From=0 QueueLen=0 LogicalClock=273
[SEND to 2] SysTime=15:28:44 LogicalClock=274
[INTERNAL] SysTime=15:28:44 Node=1 LogicalClock=275
[RECEIVE] SysTime=15:28:44 Node=1 From=2 QueueLen=0 LogicalClock=279
[SEND to 0] SysTime=15:28:45 LogicalClock=280
[SEND to 2] SysTime=15:28:45 LogicalClock=280
[INTERNAL] SysTime=15:28:45 Node=1 LogicalClock=281
[INTERNAL] SysTime=15:28:45 Node=1 LogicalClock=282
[RECEIVE] SysTime=15:28:46 Node=1 From=0 QueueLen=1 LogicalClock=287
[RECEIVE] SysTime=15:28:46 Node=1 From=0 QueueLen=1 LogicalClock=288
[RECEIVE] SysTime=15:28:46 Node=1 From=0 QueueLen=1 LogicalClock=289
[RECEIVE] SysTime=15:28:47 Node=1 From=2 QueueLen=0 LogicalClock=291
[RECEIVE] SysTime=15:28:47 Node=1 From=2 QueueLen=0 LogicalClock=294
[INTERNAL] SysTime=15:28:47 Node=1 LogicalClock=295
[INTERNAL] SysTime=15:28:48 Node=1 LogicalClock=296
[RECEIVE] SysTime=15:28:48 Node=1 From=0 QueueLen=0 LogicalClock=302
[SEND to 0] SysTime=15:28:48 LogicalClock=303
[INTERNAL] SysTime=15:28:49 Node=1 LogicalClock=304
[INTERNAL] SysTime=15:28:49 Node=1 LogicalClock=305
[RECEIVE] SysTime=15:28:49 Node=1 From=2 QueueLen=0 LogicalClock=309
[RECEIVE] SysTime=15:28:50 Node=1 From=0 QueueLen=0 LogicalClock=312
[RECEIVE] SysTime=15:28:50 Node=1 From=0 QueueLen=0 LogicalClock=315
[RECEIVE] SysTime=15:28:50 Node=1 From=0 QueueLen=0 LogicalClock=316
[INTERNAL] SysTime=15:28:51 Node=1 LogicalClock=317
[RECEIVE] SysTime=15:28:51 Node=1 From=2 QueueLen=0 LogicalClock=319
[INTERNAL] SysTime=15:28:51 Node=1 LogicalClock=320
[INTERNAL] SysTime=15:28:52 Node=1 LogicalClock=321
[RECEIVE] SysTime=15:28:52 Node=1 From=0 QueueLen=1 LogicalClock=325
[RECEIVE] SysTime=15:28:52 Node=1 From=0 QueueLen=2 LogicalClock=326
[RECEIVE] SysTime=15:28:53 Node=1 From=0 QueueLen=1 LogicalClock=327
[RECEIVE] SysTime=15:28:53 Node=1 From=2 QueueLen=1 LogicalClock=328
[RECEIVE] SysTime=15:28:53 Node=1 From=0 QueueLen=0 LogicalClock=332
[RECEIVE] SysTime=15:28:54 Node=1 From=0 QueueLen=0 LogicalClock=336
[INTERNAL] SysTime=15:28:54 Node=1 LogicalClock=337
[INTERNAL] SysTime=15:28:54 Node=1 LogicalClock=338
[RECEIVE] SysTime=15:28:55 Node=1 From=0 QueueLen=0 LogicalClock=343
[RECEIVE] SysTime=15:28:55 Node=1 From=0 QueueLen=0 LogicalClock=344
[RECEIVE] SysTime=15:28:55 Node=1 From=2 QueueLen=0 LogicalClock=345
[INTERNAL] SysTime=15:28:56 Node=1 LogicalClock=346
[INTERNAL] SysTime=15:28:56 Node=1 LogicalClock=347
[RECEIVE] SysTime=15:28:56 Node=1 From=0 QueueLen=0 LogicalClock=351
[RECEIVE] SysTime=15:28:57 Node=1 From=0 QueueLen=0 LogicalClock=354
[RECEIVE] SysTime=15:28:57 Node=1 From=0 QueueLen=1 LogicalClock=355
[RECEIVE] SysTime=15:28:57 Node=1 From=0 QueueLen=1 LogicalClock=356
[INFO]: Shutting down
[INFO]: Shut down
