[INIT]
[INFO]: Binding to port 17050
[INFO]: Listening on port 17050
[INFO]: Connected to rank 1
[INFO]: Connected to rank 2
[INFO]: Rank=0 ClockRate=6
[INTERNAL] SysTime=15:27:58 Node=0 LogicalClock=1
[INTERNAL] SysTime=15:27:58 Node=0 LogicalClock=2
[RECEIVE] SysTime=15:27:58 Node=0 From=2 QueueLen=0 LogicalClock=3
[RECEIVE] SysTime=15:27:58 Node=0 From=2 QueueLen=0 LogicalClock=4
[SEND to 1] SysTime=15:27:58 LogicalClock=5
[SEND to 2] SysTime=15:27:58 LogicalClock=5
[INTERNAL] SysTime=15:27:59 Node=0 LogicalClock=6
[SEND to 2] SysTime=15:27:59 LogicalClock=7
[SEND to 1] SysTime=15:27:59 LogicalClock=8
[INTERNAL] SysTime=15:27:59 Node=0 LogicalClock=9
[RECEIVE] SysTime=15:27:59 Node=0 From=2 QueueLen=0 LogicalClock=10
[INTERNAL] SysTime=15:27:59 Node=0 LogicalClock=11
[SEND to 1] SysTime=15:28:00 LogicalClock=12
[INTERNAL] SysTime=15:28:00 Node=0 LogicalClock=13
[RECEIVE] SysTime=15:28:00 Node=0 From=2 QueueLen=0 LogicalClock=14
[SEND to 1] SysTime=15:28:00 LogicalClock=15
[SEND to 2] SysTime=15:28:00 LogicalClock=15
[SEND to 2] SysTime=15:28:00 LogicalClock=16
[INTERNAL] SysTime=15:28:00 Node=0 LogicalClock=17
[INTERNAL] SysTime=15:28:01 Node=0 LogicalClock=18
[SEND to 1] SysTime=15:28:01 LogicalClock=19
[SEND to 2] SysTime=15:28:01 LogicalClock=19
[INTERNAL] SysTime=15:28:01 Node=0 LogicalClock=20
[INTERNAL] SysTime=15:28:01 Node=0 LogicalClock=21
[INTERNAL] SysTime=15:28:01 Node=0 LogicalClock=22
[INTERNAL] SysTime=15:28:01 Node=0 LogicalClock=23
[INTERNAL] SysTime=15:28:02 Node=0 LogicalClock=24
[SEND to 1] SysTime=15:28:02 LogicalClock=25
[SEND to 2] SysTime=15:28:02 LogicalClock=25
[INTERNAL] SysTime=15:28:02 Node=0 LogicalClock=26
[INTERNAL] SysTime=15:28:02 Node=0 LogicalClock=27
[INTERNAL] SysTime=15:28:02 Node=0 LogicalClock=28
[INTERNAL] SysTime=15:28:02 Node=0 LogicalClock=29
[SEND to 1] SysTime=15:28:03 LogicalClock=30
[SEND to 1] SysTime=15:28:03 LogicalClock=31
[SEND to 2] SysTime=15:28:03 LogicalClock=31
[INTERNAL] SysTime=15:28:03 Node=0 LogicalClock=32
[INTERNAL] SysTime=15:28:03 Node=0 LogicalClock=33
[INTERNAL] SysTime=15:28:03 Node=0 LogicalClock=34
[SEND to 1] SysTime=15:28:03 LogicalClock=35
[SEND to 2] SysTime=15:28:03 LogicalClock=35
[SEND to 1] SysTime=15:28:04 LogicalClock=36
[INTERNAL] SysTime=15:28:04 Node=0 LogicalClock=37
[INTERNAL] SysTime=15:28:04 Node=0 LogicalClock=38
[RECEIVE] SysTime=15:28:04 Node=0 From=2 QueueLen=0 LogicalClock=39
[RECEIVE] SysTime=15:28:04 Node=0 From=2 QueueLen=0 LogicalClock=40
[RECEIVE] SysTime=15:28:04 Node=0 From=2 QueueLen=0 LogicalClock=41
[INTERNAL] SysTime=15:28:05 Node=0 LogicalClock=42
[SEND to 2] SysTime=15:28:05 LogicalClock=43
[INTERNAL] SysTime=15:28:05 Node=0 LogicalClock=44
[INTERNAL] SysTime=15:28:05 Node=0 LogicalClock=45
[INTERNAL] SysTime=15:28:05 Node=0 LogicalClock=46
[INTERNAL] SysTime=15:28:05 Node=0 LogicalClock=47
[INTERNAL] SysTime=15:28:06 Node=0 LogicalClock=48
[SEND to 1] SysTime=15:28:06 LogicalClock=49
[INTERNAL] SysTime=15:28:06 Node=0 LogicalClock=50
[INTERNAL] SysTime=15:28:06 Node=0 LogicalClock=51
[RECEIVE] SysTime=15:28:06 Node=0 From=1 QueueLen=0 LogicalClock=52
[SEND to 1] SysTime=15:28:06 LogicalClock=53
[SEND to 2] SysTime=15:28:07 LogicalClock=54
[SEND to 1] SysTime=15:28:07 LogicalClock=55
[SEND to 2] SysTime=15:28:07 LogicalClock=55
[INTERNAL] SysTime=15:28:07 Node=0 LogicalClock=56
[SEND to 1] SysTime=15:28:07 LogicalClock=57
[SEND to 2] SysTime=15:28:07 LogicalClock=57
[INTERNAL] SysTime=15:28:07 Node=0 LogicalClock=58
[INTERNAL] SysTime=15:28:08 Node=0 LogicalClock=59
[INTERNAL] SysTime=15:28:08 Node=0 LogicalClock=60
[INTERNAL] SysTime=15:28:08 Node=0 LogicalClock=61
[SEND to 2] SysTime=15:28:08 LogicalClock=62
[RECEIVE] SysTime=15:28:08 Node=0 From=1 QueueLen=0 LogicalClock=63
[RECEIVE] SysTime=15:28:08 Node=0 From=1 QueueLen=1 LogicalClock=64
[RECEIVE] SysTime=15:28:08 Node=0 From=2 QueueLen=0 LogicalClock=65
[INTERNAL] SysTime=15:28:09 Node=0 LogicalClock=66
[SEND to 2] SysTime=15:28:09 LogicalClock=67
[INTERNAL] SysTime=15:28:09 Node=0 LogicalClock=68
[INTERNAL] SysTime=15:28:09 Node=0 LogicalClock=69
[RECEIVE] SysTime=15:28:09 Node=0 From=1 QueueLen=0 LogicalClock=70
[RECEIVE] SysTime=15:28:09 Node=0 From=2 QueueLen=0 LogicalClock=71
[INTERNAL] SysTime=15:28:10 Node=0 LogicalClock=72
[INTERNAL] SysTime=15:28:10 Node=0 LogicalClock=73
[INTERNAL] SysTime=15:28:10 Node=0 LogicalClock=74
[SEND to 2] SysTime=15:28:10 LogicalClock=75
[RECEIVE] SysTime=15:28:10 Node=0 From=1 QueueLen=0 LogicalClock=76
[SEND to 2] SysTime=15:28:10 LogicalClock=77
[INTERNAL] SysTime=15:28:11 Node=0 LogicalClock=78
[INTERNAL] SysTime=15:28:11 Node=0 LogicalClock=79
[RECEIVE] SysTime=15:28:11 Node=0 From=1 QueueLen=0 LogicalClock=80
[INTERNAL] SysTime=15:28:11 Node=0 LogicalClock=81
[INTERNAL] SysTime=15:28:11 Node=0 LogicalClock=82
[SEND to 1] SysTime=15:28:11 LogicalClock=83
[INTERNAL] SysTime=15:28:12 Node=0 LogicalClock=84
[INTERNAL] SysTime=15:28:12 Node=0 LogicalClock=85
[INTERNAL] SysTime=15:28:12 Node=0 LogicalClock=86
[SEND to 1] SysTime=15:28:12 LogicalClock=87
[INTERNAL] SysTime=15:28:12 Node=0 LogicalClock=88
[INTERNAL] SysTime=15:28:12 Node=0 LogicalClock=89
[INTERNAL] SysTime=15:28:13 Node=0 LogicalClock=90
[INTERNAL] SysTime=15:28:13 Node=0 LogicalClock=91
[SEND to 1] SysTime=15:28:13 LogicalClock=92
[SEND to 2] SysTime=15:28:13 LogicalClock=92
[INTERNAL] SysTime=15:28:13 Node=0 LogicalClock=93
[INTERNAL] SysTime=15:28:13 Node=0 LogicalClock=94
[INTERNAL] SysTime=15:28:13 Node=0 LogicalClock=95
[RECEIVE] SysTime=15:28:14 Node=0 From=1 QueueLen=0 LogicalClock=96
[INTERNAL] SysTime=15:28:14 Node=0 LogicalClock=97
[INTERNAL] SysTime=15:28:14 Node=0 LogicalClock=98
[INTERNAL] SysTime=15:28:14 Node=0 LogicalClock=99
[INTERNAL] SysTime=15:28:14 Node=0 LogicalClock=100
[INTERNAL] SysTime=15:28:14 Node=0 LogicalClock=101
[SEND to 2] SysTime=15:28:15 LogicalClock=102
[INTERNAL] SysTime=15:28:15 Node=0 LogicalClock=103
[SEND to 1] SysTime=15:28:15 LogicalClock=104
[SEND to 2] SysTime=15:28:15 LogicalClock=104
[SEND to 2] SysTime=15:28:15 LogicalClock=105
[INTERNAL] SysTime=15:28:15 Node=0 LogicalClock=106
[INTERNAL] SysTime=15:28:15 Node=0 LogicalClock=107
[RECEIVE] SysTime=15:28:16 Node=0 From=1 QueueLen=0 LogicalClock=108
[INTERNAL] SysTime=15:28:16 Node=0 LogicalClock=109
[INTERNAL] SysTime=15:28:16 Node=0 LogicalClock=110
[INTERNAL] SysTime=15:28:16 Node=0 LogicalClock=111
[SEND to 1] SysTime=15:28:16 LogicalClock=112
[INTERNAL] SysTime=15:28:16 Node=0 LogicalClock=113
[INTERNAL] SysTime=15:28:17 Node=0 LogicalClock=114
[INTERNAL] SysTime=15:28:17 Node=0 LogicalClock=115
[INTERNAL] SysTime=15:28:17 Node=0 LogicalClock=116
[SEND to 2] SysTime=15:28:17 LogicalClock=117
[SEND to 1] SysTime=15:28:17 LogicalClock=118
[SEND to 2] SysTime=15:28:17 LogicalClock=118
[INTERNAL] SysTime=15:28:17 Node=0 LogicalClock=119
[SEND to 2] SysTime=15:28:18 LogicalClock=120
[INTERNAL] SysTime=15:28:18 Node=0 LogicalClock=121
[INTERNAL] SysTime=15:28:18 Node=0 LogicalClock=122
[RECEIVE] SysTime=15:28:18 Node=0 From=2 QueueLen=0 LogicalClock=123
[INTERNAL] SysTime=15:28:18 Node=0 LogicalClock=124
[RECEIVE] SysTime=15:28:18 Node=0 From=2 QueueLen=0 LogicalClock=125
[RECEIVE] SysTime=15:28:19 Node=0 From=2 QueueLen=0 LogicalClock=126
[INTERNAL] SysTime=15:28:19 Node=0 LogicalClock=127
[INTERNAL] SysTime=15:28:19 Node=0 LogicalClock=128
[INTERNAL] SysTime=15:28:19 Node=0 LogicalClock=129
[RECEIVE] SysTime=15:28:19 Node=0 From=1 QueueLen=0 LogicalClock=130
[INTERNAL] SysTime=15:28:19 Node=0 LogicalClock=131
[RECEIVE] SysTime=15:28:20 Node=0 From=1 QueueLen=0 LogicalClock=132
[INTERNAL] SysTime=15:28:20 Node=0 LogicalClock=133
[INTERNAL] SysTime=15:28:20 Node=0 LogicalClock=134
[RECEIVE] SysTime=15:28:20 Node=0 From=2 QueueLen=0 LogicalClock=135
[SEND to 2] SysTime=15:28:20 LogicalClock=136
[SEND to 1] SysTime=15:28:20 LogicalClock=137
[RECEIVE] SysTime=15:28:21 Node=0 From=1 QueueLen=0 LogicalClock=138
[INTERNAL] SysTime=15:28:21 Node=0 LogicalClock=139
[SEND to 1] SysTime=15:28:21 LogicalClock=140
[SEND to 2] SysTime=15:28:21 LogicalClock=141
[INTERNAL] SysTime=15:28:21 Node=0 LogicalClock=142
[SEND to 1] SysTime=15:28:21 LogicalClock=143
[SEND to 2] SysTime=15:28:21 LogicalClock=143
[INTERNAL] SysTime=15:28:22 Node=0 LogicalClock=144
[INTERNAL] SysTime=15:28:22 Node=0 LogicalClock=145
[INTERNAL] SysTime=15:28:22 Node=0 LogicalClock=146
[SEND to 1] SysTime=15:28:22 LogicalClock=147
[INTERNAL] SysTime=15:28:22 Node=0 LogicalClock=148
[SEND to 2] SysTime=15:28:22 LogicalClock=149
[SEND to 1] SysTime=15:28:23 LogicalClock=150
[SEND to 2] SysTime=15:28:23 LogicalClock=150
[SEND to 2] SysTime=15:28:23 LogicalClock=151
[INTERNAL] SysTime=15:28:23 Node=0 LogicalClock=152
[SEND to 1] SysTime=15:28:23 LogicalClock=153
[INTERNAL] SysTime=15:28:23 Node=0 LogicalClock=154
[INTERNAL] SysTime=15:28:23 Node=0 LogicalClock=155
[SEND to 1] SysTime=15:28:24 LogicalClock=156
[SEND to 2] SysTime=15:28:24 LogicalClock=156
[INTERNAL] SysTime=15:28:24 Node=0 LogicalClock=157
[SEND to 1] SysTime=15:28:24 LogicalClock=158
[SEND to 2] SysTime=15:28:24 LogicalClock=158
[SEND to 1] SysTime=15:28:24 LogicalClock=159
[SEND to 2] SysTime=15:28:24 LogicalClock=159
[SEND to 2] SysTime=15:28:24 LogicalClock=160
[SEND to 1] SysTime=15:28:24 LogicalClock=161
[SEND to 1] SysTime=15:28:25 LogicalClock=162
[SEND to 1] SysTime=15:28:25 LogicalClock=163
[INTERNAL] SysTime=15:28:25 Node=0 LogicalClock=164
[RECEIVE] SysTime=15:28:25 Node=0 From=2 QueueLen=0 LogicalClock=165
[INTERNAL] SysTime=15:28:25 Node=0 LogicalClock=166
[INTERNAL] SysTime=15:28:25 Node=0 LogicalClock=167
[SEND to 1] SysTime=15:28:26 LogicalClock=168
[INTERNAL] SysTime=15:28:26 Node=0 LogicalClock=169
[INTERNAL] SysTime=15:28:26 Node=0 LogicalClock=170
[INTERNAL] SysTime=15:28:26 Node=0 LogicalClock=171
[SEND to 1] SysTime=15:28:26 LogicalClock=172
[RECEIVE] SysTime=15:28:26 Node=0 From=2 QueueLen=0 LogicalClock=173
[RECEIVE] SysTime=15:28:27 Node=0 From=2 QueueLen=0 LogicalClock=174
[INTERNAL] SysTime=15:28:27 Node=0 LogicalClock=175
[INTERNAL] SysTime=15:28:27 Node=0 LogicalClock=176
[SEND to 1] SysTime=15:28:27 LogicalClock=177
[SEND to 2] SysTime=15:28:27 LogicalClock=177
[SEND to 1] SysTime=15:28:27 LogicalClock=178
[SEND to 2] SysTime=15:28:27 LogicalClock=178
[INTERNAL] SysTime=15:28:27 Node=0 LogicalClock=179
[INTERNAL] SysTime=15:28:28 Node=0 LogicalClock=180
[SEND to 1] SysTime=15:28:28 LogicalClock=181
[SEND to 2] SysTime=15:28:28 LogicalClock=181
[INTERNAL] SysTime=15:28:28 Node=0 LogicalClock=182
[SEND to 1] SysTime=15:28:28 LogicalClock=183
[SEND to 2] SysTime=15:28:28 LogicalClock=183
[INTERNAL] SysTime=15:28:28 Node=0 LogicalClock=184
[RECEIVE] SysTime=15:28:28 Node=0 From=2 QueueLen=0 LogicalClock=185
[RECEIVE] SysTime=15:28:29 Node=0 From=2 QueueLen=0 LogicalClock=186
[INTERNAL] SysTime=15:28:29 Node=0 LogicalClock=187
[SEND to 1] SysTime=15:28:29 LogicalClock=188
[INTERNAL] SysTime=15:28:29 Node=0 LogicalClock=189
[INTERNAL] SysTime=15:28:29 Node=0 LogicalClock=190
[INTERNAL] SysTime=15:28:29 Node=0 LogicalClock=191
[INTERNAL] SysTime=15:28:30 Node=0 LogicalClock=192
[SEND to 1] SysTime=15:28:30 LogicalClock=193
[SEND to 2] SysTime=15:28:30 LogicalClock=193
[SEND to 2] SysTime=15:28:30 LogicalClock=194
[SEND to 2] SysTime=15:28:30 LogicalClock=195
[INTERNAL] SysTime=15:28:30 Node=0 LogicalClock=196
[INTERNAL] SysTime=15:28:30 Node=0 LogicalClock=197
[RECEIVE] SysTime=15:28:31 Node=0 From=2 QueueLen=0 LogicalClock=198
[SEND to 2] SysTime=15:28:31 LogicalClock=199
[RECEIVE] SysTime=15:28:31 Node=0 From=1 QueueLen=0 LogicalClock=200
[INTERNAL] SysTime=15:28:31 Node=0 LogicalClock=201
[SEND to 1] SysTime=15:28:31 LogicalClock=202
[RECEIVE] SysTime=15:28:31 Node=0 From=2 QueueLen=0 LogicalClock=203
[INTERNAL] SysTime=15:28:32 Node=0 LogicalClock=204
[SEND to 2] SysTime=15:28:32 LogicalClock=205
[INTERNAL] SysTime=15:28:32 Node=0 LogicalClock=206
[INTERNAL] SysTime=15:28:32 Node=0 LogicalClock=207
[INTERNAL] SysTime=15:28:32 Node=0 LogicalClock=208
[RECEIVE] SysTime=15:28:32 Node=0 From=2 QueueLen=0 LogicalClock=209
[INTERNAL] SysTime=15:28:33 Node=0 LogicalClock=210
[SEND to 1] SysTime=15:28:33 LogicalClock=211
[INTERNAL] SysTime=15:28:33 Node=0 LogicalClock=212
[INTERNAL] SysTime=15:28:33 Node=0 LogicalClock=213
[RECEIVE] SysTime=15:28:33 Node=0 From=2 QueueLen=0 LogicalClock=214
[INTERNAL] SysTime=15:28:33 Node=0 LogicalClock=215
[INTERNAL] SysTime=15:28:34 Node=0 LogicalClock=216
[INTERNAL] SysTime=15:28:34 Node=0 LogicalClock=217
[INTERNAL] SysTime=15:28:34 Node=0 LogicalClock=218
[INTERNAL] SysTime=15:28:34 Node=0 LogicalClock=219
[INTERNAL] SysTime=15:28:34 Node=0 LogicalClock=220
[INTERNAL] SysTime=15:28:34 Node=0 LogicalClock=221
[SEND to 1] SysTime=15:28:35 LogicalClock=222
[INTERNAL] SysTime=15:28:35 Node=0 LogicalClock=223
[INTERNAL] SysTime=15:28:35 Node=0 LogicalClock=224
[RECEIVE] SysTime=15:28:35 Node=0 From=2 QueueLen=0 LogicalClock=225
[INTERNAL] SysTime=15:28:35 Node=0 LogicalClock=226
[INTERNAL] SysTime=15:28:35 Node=0 LogicalClock=227
[RECEIVE] SysTime=15:28:36 Node=0 From=1 QueueLen=0 LogicalClock=228
[SEND to 1] SysTime=15:28:36 LogicalClock=229
[INTERNAL] SysTime=15:28:36 Node=0 LogicalClock=230
[INTERNAL] SysTime=15:28:36 Node=0 LogicalClock=231
[RECEIVE] SysTime=15:28:36 Node=0 From=2 QueueLen=0 LogicalClock=232
[INTERNAL] SysTime=15:28:36 Node=0 LogicalClock=233
[SEND to 1] SysTime=15:28:37 LogicalClock=234
[SEND to 1] SysTime=15:28:37 LogicalClock=235
[INTERNAL] SysTime=15:28:37 Node=0 LogicalClock=236
[SEND to 1] SysTime=15:28:37 LogicalClock=237
[SEND to 2] SysTime=15:28:37 LogicalClock=237
[INTERNAL] SysTime=15:28:37 Node=0 LogicalClock=238
[RECEIVE] SysTime=15:28:37 Node=0 From=2 QueueLen=0 LogicalClock=239
[RECEIVE] SysTime=15:28:38 Node=0 From=2 QueueLen=0 LogicalClock=240
[SEND to 1] SysTime=15:28:38 LogicalClock=241
[INTERNAL] SysTime=15:28:38 Node=0 LogicalClock=242
[INTERNAL] SysTime=15:28:38 Node=0 LogicalClock=243
[INTERNAL] SysTime=15:28:38 Node=0 LogicalClock=244
[INTERNAL] SysTime=15:28:38 Node=0 LogicalClock=245
[INTERNAL] SysTime=15:28:39 Node=0 LogicalClock=246
[INTERNAL] SysTime=15:28:39 Node=0 LogicalClock=247
[INTERNAL] SysTime=15:28:39 Node=0 LogicalClock=248
[INTERNAL] SysTime=15:28:39 Node=0 LogicalClock=249
[INTERNAL] SysTime=15:28:39 Node=0 LogicalClock=250
[RECEIVE] SysTime=15:28:39 Node=0 From=2 QueueLen=0 LogicalClock=251
[INTERNAL] SysTime=15:28:40 Node=0 LogicalClock=252
[INTERNAL] SysTime=15:28:40 Node=0 LogicalClock=253
[INTERNAL] SysTime=15:28:40 Node=0 LogicalClock=254
[RECEIVE] SysTime=15:28:40 Node=0 From=2 QueueLen=0 LogicalClock=255
[INTERNAL] SysTime=15:28:41 Node=0 LogicalClock=256
[INTERNAL] SysTime=15:28:41 Node=0 LogicalClock=257
[INTERNAL] SysTime=15:28:41 Node=0 LogicalClock=258
[INTERNAL] SysTime=15:28:41 Node=0 LogicalClock=259
[INTERNAL] SysTime=15:28:41 Node=0 LogicalClock=260
[RECEIVE] SysTime=15:28:41 Node=0 From=2 QueueLen=0 LogicalClock=261
[RECEIVE] SysTime=15:28:41 Node=0 From=2 QueueLen=0 LogicalClock=262
[SEND to 2] SysTime=15:28:41 LogicalClock=263
[RECEIVE] SysTime=15:28:42 Node=0 From=1 QueueLen=0 LogicalClock=264
[SEND to 1] SysTime=15:28:42 LogicalClock=265
[RECEIVE] SysTime=15:28:42 Node=0 From=2 QueueLen=0 LogicalClock=266
[SEND to 1] SysTime=15:28:42 LogicalClock=267
[SEND to 2] SysTime=15:28:42 LogicalClock=267
[INTERNAL] SysTime=15:28:42 Node=0 LogicalClock=268
[INTERNAL] SysTime=15:28:42 Node=0 LogicalClock=269
[SEND to 1] SysTime=15:28:43 LogicalClock=270
[SEND to 2] SysTime=15:28:43 LogicalClock=271
[INTERNAL] SysTime=15:28:43 Node=0 LogicalClock=272
[SEND to 1] SysTime=15:28:43 LogicalClock=273
[SEND to 2] SysTime=15:28:43 LogicalClock=274
[INTERNAL] SysTime=15:28:43 Node=0 LogicalClock=275
[INTERNAL] SysTime=15:28:44 Node=0 LogicalClock=276
[INTERNAL] SysTime=15:28:44 Node=0 LogicalClock=277
[RECEIVE] SysTime=15:28:44 Node=0 From=2 QueueLen=0 LogicalClock=278
[INTERNAL] SysTime=15:28:44 Node=0 LogicalClock=279
[INTERNAL] SysTime=15:28:44 Node=0 LogicalClock=280
[RECEIVE] SysTime=15:28:44 Node=0 From=2 QueueLen=0 LogicalClock=281
[INTERNAL] SysTime=15:28:45 Node=0 LogicalClock=282
[INTERNAL] SysTime=15:28:45 Node=0 LogicalClock=283
[RECEIVE] SysTime=15:28:45 Node=0 From=1 QueueLen=0 LogicalClock=284
[INTERNAL] SysTime=15:28:45 Node=0 LogicalClock=285
[INTERNAL] SysTime=15:28:45 Node=0 LogicalClock=286
[SEND to 1] SysTime=15:28:45 LogicalClock=287
[SEND to 1] SysTime=15:28:46 LogicalClock=288
[SEND to 2] SysTime=15:28:46 LogicalClock=288
[SEND to 1] SysTime=15:28:46 LogicalClock=289
[SEND to 2] SysTime=15:28:46 LogicalClock=290
[INTERNAL] SysTime=15:28:46 Node=0 LogicalClock=291
[SEND to 2] SysTime=15:28:46 LogicalClock=292
[INTERNAL] SysTime=15:28:46 Node=0 LogicalClock=293
[INTERNAL] SysTime=15:28:47 Node=0 LogicalClock=294
[INTERNAL] SysTime=15:28:47 Node=0 LogicalClock=295
[SEND to 2] SysTime=15:28:47 LogicalClock=296
[INTERNAL] SysTime=15:28:47 Node=0 LogicalClock=297
[INTERNAL] SysTime=15:28:47 Node=0 LogicalClock=298
[INTERNAL] SysTime=15:28:47 Node=0 LogicalClock=299
[INTERNAL] SysTime=15:28:48 Node=0 LogicalClock=300
[INTERNAL] SysTime=15:28:48 Node=0 LogicalClock=301
[SEND to 1] SysTime=15:28:48 LogicalClock=302
[SEND to 2] SysTime=15:28:48 LogicalClock=303
[INTERNAL] SysTime=15:28:48 Node=0 LogicalClock=304
[INTERNAL] SysTime=15:28:48 Node=0 LogicalClock=305
[RECEIVE] SysTime=15:28:49 Node=0 From=1 QueueLen=0 LogicalClock=306
[INTERNAL] SysTime=15:28:49 Node=0 LogicalClock=307
[INTERNAL] SysTime=15:28:49 Node=0 LogicalClock=308
[INTERNAL] SysTime=15:28:49 Node=0 LogicalClock=309
[INTERNAL] SysTime=15:28:49 Node=0 LogicalClock=310
[RECEIVE] SysTime=15:28:49 Node=0 From=2 QueueLen=0 LogicalClock=311
[SEND to 1] SysTime=15:28:50 LogicalClock=312
[INTERNAL] SysTime=15:28:50 Node=0 LogicalClock=313
[SEND to 2] SysTime=15:28:50 LogicalClock=314
[SEND to 1] SysTime=15:28:50 LogicalClock=315
[SEND to 1] SysTime=15:28:50 LogicalClock=316
[INTERNAL] SysTime=15:28:50 Node=0 LogicalClock=317
[INTERNAL] SysTime=15:28:51 Node=0 LogicalClock=318
[INTERNAL] SysTime=15:28:51 Node=0 LogicalClock=319
[INTERNAL] SysTime=15:28:51 Node=0 LogicalClock=320
[INTERNAL] SysTime=15:28:51 Node=0 LogicalClock=321
[SEND to 2] SysTime=15:28:51 LogicalClock=322
[INTERNAL] SysTime=15:28:51 Node=0 LogicalClock=323
[INTERNAL] SysTime=15:28:52 Node=0 LogicalClock=324
[SEND to 1] SysTime=15:28:52 LogicalClock=325
[SEND to 2] SysTime=15:28:52 LogicalClock=325
[SEND to 1] SysTime=15:28:52 LogicalClock=326
[SEND to 2] SysTime=15:28:52 LogicalClock=326
[SEND to 1] SysTime=15:28:52 LogicalClock=327
[SEND to 2] SysTime=15:28:52 LogicalClock=327
[INTERNAL] SysTime=15:28:52 Node=0 LogicalClock=328
[RECEIVE] SysTime=15:28:52 Node=0 From=2 QueueLen=0 LogicalClock=329
[RECEIVE] SysTime=15:28:53 Node=0 From=2 QueueLen=0 LogicalClock=330
[INTERNAL] SysTime=15:28:53 Node=0 LogicalClock=331
[SEND to 1] SysTime=15:28:53 LogicalClock=332
[INTERNAL] SysTime=15:28:53 Node=0 LogicalClock=333
[SEND to 2] SysTime=15:28:53 LogicalClock=334
[SEND to 2] SysTime=15:28:53 LogicalClock=335
[SEND to 1] SysTime=15:28:54 LogicalClock=336
[SEND to 2] SysTime=15:28:54 LogicalClock=336
[SEND to 2] SysTime=15:28:54 LogicalClock=337
[INTERNAL] SysTime=15:28:54 Node=0 LogicalClock=338
[INTERNAL] SysTime=15:28:54 Node=0 LogicalClock=339
[INTERNAL] SysTime=15:28:54 Node=0 LogicalClock=340
[INTERNAL] SysTime=15:28:54 Node=0 LogicalClock=341
[SEND to 2] SysTime=15:28:55 LogicalClock=342
[SEND to 1] SysTime=15:28:55 LogicalClock=343
[SEND to 2] SysTime=15:28:55 LogicalClock=343
[SEND to 1] SysTime=15:28:55 LogicalClock=344
[INTERNAL] SysTime=15:28:55 Node=0 LogicalClock=345
[INTERNAL] SysTime=15:28:55 Node=0 LogicalClock=346
[INTERNAL] SysTime=15:28:55 Node=0 LogicalClock=347
[INTERNAL] SysTime=15:28:56 Node=0 LogicalClock=348
[INTERNAL] SysTime=15:28:56 Node=0 LogicalClock=349
[INTERNAL] SysTime=15:28:56 Node=0 LogicalClock=350
[SEND to 1] SysTime=15:28:56 LogicalClock=351
[SEND to 2] SysTime=15:28:56 LogicalClock=351
[INTERNAL] SysTime=15:28:56 Node=0 LogicalClock=352
[RECEIVE] SysTime=15:28:56 Node=0 From=2 QueueLen=0 LogicalClock=353
[SEND to 1] SysTime=15:28:57 LogicalClock=354
[SEND to 1] SysTime=15:28:57 LogicalClock=355
[SEND to 2] SysTime=15:28:57 LogicalClock=355
[SEND to 1] SysTime=15:28:57 LogicalClock=356
[INTERNAL] SysTime=15:28:57 Node=0 LogicalClock=357
[SEND to 1] SysTime=15:28:57 LogicalClock=358
[INTERNAL] SysTime=15:28:57 Node=0 LogicalClock=359
[INTERNAL] SysTime=15:28:58 Node=0 LogicalClock=360
[INFO]: Shutting down
[INFO]: Shut down
