[INIT]
[INFO]: Binding to port 17050
[INFO]: Listening on port 17050
[ERROR]: Failed to connect to rank 1: Connection refused
[INFO]: Connected to rank 1
[INFO]: Connected to rank 2
[INFO]: Rank=0 ClockRate=5
[SEND to 2] SysTime=15:30:53 LogicalClock=1
[RECEIVE] SysTime=15:30:53 Node=0 From=1 QueueLen=1 LogicalClock=2
[RECEIVE] SysTime=15:30:53 Node=0 From=2 QueueLen=0 LogicalClock=3
[INTERNAL] SysTime=15:30:53 Node=0 LogicalClock=4
[INTERNAL] SysTime=15:30:54 Node=0 LogicalClock=5
[SEND to 1] SysTime=15:30:54 LogicalClock=6
[INTERNAL] SysTime=15:30:54 Node=0 LogicalClock=7
[RECEIVE] SysTime=15:30:54 Node=0 From=1 QueueLen=0 LogicalClock=8
[SEND to 2] SysTime=15:30:54 LogicalClock=9
[INTERNAL] SysTime=15:30:55 Node=0 LogicalClock=10
[INTERNAL] SysTime=15:30:55 Node=0 LogicalClock=11
[RECEIVE] SysTime=15:30:55 Node=0 From=2 QueueLen=0 LogicalClock=12
[RECEIVE] SysTime=15:30:55 Node=0 From=2 QueueLen=0 LogicalClock=13
[INTERNAL] SysTime=15:30:55 Node=0 LogicalClock=14
[RECEIVE] SysTime=15:30:56 Node=0 From=2 QueueLen=0 LogicalClock=15
[INTERNAL] SysTime=15:30:56 Node=0 LogicalClock=16
[RECEIVE] SysTime=15:30:56 Node=0 From=1 QueueLen=0 LogicalClock=17
[RECEIVE] SysTime=15:30:56 Node=0 From=1 QueueLen=0 LogicalClock=18
[INTERNAL] SysTime=15:30:56 Node=0 LogicalClock=19
[SEND to 1] SysTime=15:30:57 LogicalClock=20
[SEND to 1] SysTime=15:30:57 LogicalClock=21
[SEND to 2] SysTime=15:30:57 LogicalClock=21
[INTERNAL] SysTime=15:30:57 Node=0 LogicalClock=22
[RECEIVE] SysTime=15:30:57 Node=0 From=2 QueueLen=0 LogicalClock=23
[SEND to 1] SysTime=15:30:57 LogicalClock=24
[SEND to 2] SysTime=15:30:57 LogicalClock=24
[INTERNAL] SysTime=15:30:58 Node=0 LogicalClock=25
[INTERNAL] SysTime=15:30:58 Node=0 LogicalClock=26
[RECEIVE] SysTime=15:30:58 Node=0 From=2 QueueLen=0 LogicalClock=27
[INTERNAL] SysTime=15:30:58 Node=0 LogicalClock=28
[SEND to 1] SysTime=15:30:58 LogicalClock=29
[SEND to 2] SysTime=15:30:58 LogicalClock=29
[SEND to 1] SysTime=15:30:59 LogicalClock=30
[INTERNAL] SysTime=15:30:59 Node=0 LogicalClock=31
[INTERNAL] SysTime=15:30:59 Node=0 LogicalClock=32
[RECEIVE] SysTime=15:30:59 Node=0 From=1 QueueLen=1 LogicalClock=33
[RECEIVE] SysTime=15:30:59 Node=0 From=2 QueueLen=0 LogicalClock=34
[SEND to 1] SysTime=15:31:00 LogicalClock=35
[INTERNAL] SysTime=15:31:00 Node=0 LogicalClock=36
[INTERNAL] SysTime=15:31:00 Node=0 LogicalClock=37
[INTERNAL] SysTime=15:31:00 Node=0 LogicalClock=38
[RECEIVE] SysTime=15:31:00 Node=0 From=1 QueueLen=0 LogicalClock=39
[SEND to 1] SysTime=15:31:01 LogicalClock=40
[INTERNAL] SysTime=15:31:01 Node=0 LogicalClock=41
[RECEIVE] SysTime=15:31:01 Node=0 From=2 QueueLen=0 LogicalClock=42
[INTERNAL] SysTime=15:31:01 Node=0 LogicalClock=43
[RECEIVE] SysTime=15:31:01 Node=0 From=1 QueueLen=0 LogicalClock=44
[INTERNAL] SysTime=15:31:02 Node=0 LogicalClock=45
[SEND to 1] SysTime=15:31:02 LogicalClock=46
[INTERNAL] SysTime=15:31:02 Node=0 LogicalClock=47
[RECEIVE] SysTime=15:31:02 Node=0 From=1 QueueLen=1 LogicalClock=48
[RECEIVE] SysTime=15:31:02 Node=0 From=2 QueueLen=0 LogicalClock=49
[RECEIVE] SysTime=15:31:03 Node=0 From=2 QueueLen=0 LogicalClock=50
[SEND to 1] SysTime=15:31:03 LogicalClock=51
[SEND to 1] SysTime=15:31:03 LogicalClock=52
[SEND to 1] SysTime=15:31:03 LogicalClock=53
[INTERNAL] SysTime=15:31:03 Node=0 LogicalClock=54
[SEND to 2] SysTime=15:31:04 LogicalClock=55
[INTERNAL] SysTime=15:31:04 Node=0 LogicalClock=56
[SEND to 1] SysTime=15:31:04 LogicalClock=57
[SEND to 2] SysTime=15:31:04 LogicalClock=57
[SEND to 1] SysTime=15:31:04 LogicalClock=58
[INTERNAL] SysTime=15:31:04 Node=0 LogicalClock=59
[RECEIVE] SysTime=15:31:05 Node=0 From=2 QueueLen=0 LogicalClock=60
[INTERNAL] SysTime=15:31:05 Node=0 LogicalClock=61
[SEND to 1] SysTime=15:31:05 LogicalClock=62
[SEND to 2] SysTime=15:31:05 LogicalClock=62
[SEND to 1] SysTime=15:31:05 LogicalClock=63
[INTERNAL] SysTime=15:31:05 Node=0 LogicalClock=64
[INTERNAL] SysTime=15:31:06 Node=0 LogicalClock=65
[INTERNAL] SysTime=15:31:06 Node=0 LogicalClock=66
[SEND to 1] SysTime=15:31:06 LogicalClock=67
[SEND to 2] SysTime=15:31:06 LogicalClock=67
[SEND to 1] SysTime=15:31:06 LogicalClock=68
[SEND to 2] SysTime=15:31:06 LogicalClock=68
[INTERNAL] SysTime=15:31:06 Node=0 LogicalClock=69
[INTERNAL] SysTime=15:31:07 Node=0 LogicalClock=70
[INTERNAL] SysTime=15:31:07 Node=0 LogicalClock=71
[RECEIVE] SysTime=15:31:07 Node=0 From=1 QueueLen=0 LogicalClock=72
[INTERNAL] SysTime=15:31:07 Node=0 LogicalClock=73
[INTERNAL] SysTime=15:31:07 Node=0 LogicalClock=74
[RECEIVE] SysTime=15:31:08 Node=0 From=2 QueueLen=0 LogicalClock=75
[INTERNAL] SysTime=15:31:08 Node=0 LogicalClock=76
[RECEIVE] SysTime=15:31:08 Node=0 From=1 QueueLen=0 LogicalClock=77
[RECEIVE] SysTime=15:31:08 Node=0 From=1 QueueLen=0 LogicalClock=78
[INTERNAL] SysTime=15:31:08 Node=0 LogicalClock=79
[SEND to 1] SysTime=15:31:09 LogicalClock=80
[SEND to 2] SysTime=15:31:09 LogicalClock=81
[INTERNAL] SysTime=15:31:09 Node=0 LogicalClock=82
[INTERNAL] SysTime=15:31:09 Node=0 LogicalClock=83
[INTERNAL] SysTime=15:31:09 Node=0 LogicalClock=84
[RECEIVE] SysTime=15:31:10 Node=0 From=2 QueueLen=0 LogicalClock=85
[SEND to 2] SysTime=15:31:10 LogicalClock=86
[INTERNAL] SysTime=15:31:10 Node=0 LogicalClock=87
[RECEIVE] SysTime=15:31:10 Node=0 From=1 QueueLen=0 LogicalClock=88
[SEND to 2] SysTime=15:31:10 LogicalClock=89
[SEND to 2] SysTime=15:31:11 LogicalClock=90
[INTERNAL] SysTime=15:31:11 Node=0 LogicalClock=91
[RECEIVE] SysTime=15:31:11 Node=0 From=1 QueueLen=0 LogicalClock=92
[INTERNAL] SysTime=15:31:11 Node=0 LogicalClock=93
[INTERNAL] SysTime=15:31:11 Node=0 LogicalClock=94
[INTERNAL] SysTime=15:31:12 Node=0 LogicalClock=95
[INTERNAL] SysTime=15:31:12 Node=0 LogicalClock=96
[RECEIVE] SysTime=15:31:12 Node=0 From=1 QueueLen=0 LogicalClock=97
[INTERNAL] SysTime=15:31:12 Node=0 LogicalClock=98
[SEND to 1] SysTime=15:31:12 LogicalClock=99
[SEND to 1] SysTime=15:31:13 LogicalClock=100
[SEND to 2] SysTime=15:31:13 LogicalClock=100
[INTERNAL] SysTime=15:31:13 Node=0 LogicalClock=101
[SEND to 1] SysTime=15:31:13 LogicalClock=102
[SEND to 2] SysTime=15:31:13 LogicalClock=102
[INTERNAL] SysTime=15:31:13 Node=0 LogicalClock=103
[INTERNAL] SysTime=15:31:13 Node=0 LogicalClock=104
[RECEIVE] SysTime=15:31:14 Node=0 From=1 QueueLen=0 LogicalClock=105
[INTERNAL] SysTime=15:31:14 Node=0 LogicalClock=106
[INTERNAL] SysTime=15:31:14 Node=0 LogicalClock=107
[RECEIVE] SysTime=15:31:14 Node=0 From=1 QueueLen=0 LogicalClock=108
[INTERNAL] SysTime=15:31:14 Node=0 LogicalClock=109
[RECEIVE] SysTime=15:31:15 Node=0 From=1 QueueLen=0 LogicalClock=110
[SEND to 1] SysTime=15:31:15 LogicalClock=111
[SEND to 2] SysTime=15:31:15 LogicalClock=111
[INTERNAL] SysTime=15:31:15 Node=0 LogicalClock=112
[RECEIVE] SysTime=15:31:15 Node=0 From=2 QueueLen=0 LogicalClock=113
[RECEIVE] SysTime=15:31:15 Node=0 From=1 QueueLen=0 LogicalClock=114
[SEND to 1] SysTime=15:31:16 LogicalClock=115
[INTERNAL] SysTime=15:31:16 Node=0 LogicalClock=116
[RECEIVE] SysTime=15:31:16 Node=0 From=2 QueueLen=0 LogicalClock=117
[RECEIVE] SysTime=15:31:16 Node=0 From=2 QueueLen=0 LogicalClock=118
[INTERNAL] SysTime=15:31:16 Node=0 LogicalClock=119
[RECEIVE] SysTime=15:31:17 Node=0 From=1 QueueLen=0 LogicalClock=120
[INTERNAL] SysTime=15:31:17 Node=0 LogicalClock=121
[SEND to 1] SysTime=15:31:17 LogicalClock=122
[SEND to 1] SysTime=15:31:17 LogicalClock=123
[SEND to 2] SysTime=15:31:17 LogicalClock=123
[INTERNAL] SysTime=15:31:17 Node=0 LogicalClock=124
[INTERNAL] SysTime=15:31:18 Node=0 LogicalClock=125
[INTERNAL] SysTime=15:31:18 Node=0 LogicalClock=126
[RECEIVE] SysTime=15:31:18 Node=0 From=1 QueueLen=0 LogicalClock=127
[RECEIVE] SysTime=15:31:18 Node=0 From=2 QueueLen=0 LogicalClock=128
[SEND to 2] SysTime=15:31:18 LogicalClock=129
[RECEIVE] SysTime=15:31:19 Node=0 From=1 QueueLen=0 LogicalClock=130
[SEND to 1] SysTime=15:31:19 LogicalClock=131
[SEND to 2] SysTime=15:31:19 LogicalClock=131
[INTERNAL] SysTime=15:31:19 Node=0 LogicalClock=132
[RECEIVE] SysTime=15:31:19 Node=0 From=1 QueueLen=0 LogicalClock=133
[SEND to 1] SysTime=15:31:19 LogicalClock=134
[SEND to 2] SysTime=15:31:19 LogicalClock=134
[INTERNAL] SysTime=15:31:20 Node=0 LogicalClock=135
[INTERNAL] SysTime=15:31:20 Node=0 LogicalClock=136
[RECEIVE] SysTime=15:31:20 Node=0 From=1 QueueLen=0 LogicalClock=137
[INTERNAL] SysTime=15:31:20 Node=0 LogicalClock=138
[RECEIVE] SysTime=15:31:20 Node=0 From=1 QueueLen=0 LogicalClock=139
[INTERNAL] SysTime=15:31:21 Node=0 LogicalClock=140
[INTERNAL] SysTime=15:31:21 Node=0 LogicalClock=141
[INTERNAL] SysTime=15:31:21 Node=0 LogicalClock=142
[RECEIVE] SysTime=15:31:21 Node=0 From=1 QueueLen=0 LogicalClock=143
[INTERNAL] SysTime=15:31:21 Node=0 LogicalClock=144
[RECEIVE] SysTime=15:31:22 Node=0 From=1 QueueLen=0 LogicalClock=145
[SEND to 1] SysTime=15:31:22 LogicalClock=146
[INTERNAL] SysTime=15:31:22 Node=0 LogicalClock=147
[RECEIVE] SysTime=15:31:22 Node=0 From=2 QueueLen=0 LogicalClock=148
[INTERNAL] SysTime=15:31:22 Node=0 LogicalClock=149
[SEND to 1] SysTime=15:31:23 LogicalClock=150
[SEND to 2] SysTime=15:31:23 LogicalClock=150
[INTERNAL] SysTime=15:31:23 Node=0 LogicalClock=151
[SEND to 2] SysTime=15:31:23 LogicalClock=152
[INTERNAL] SysTime=15:31:23 Node=0 LogicalClock=153
[INTERNAL] SysTime=15:31:23 Node=0 LogicalClock=154
[SEND to 2] SysTime=15:31:24 LogicalClock=155
[SEND to 2] SysTime=15:31:24 LogicalClock=156
[SEND to 2] SysTime=15:31:24 LogicalClock=157
[SEND to 2] SysTime=15:31:24 LogicalClock=158
[INTERNAL] SysTime=15:31:24 Node=0 LogicalClock=159
[SEND to 1] SysTime=15:31:25 LogicalClock=160
[SEND to 2] SysTime=15:31:25 LogicalClock=160
[INTERNAL] SysTime=15:31:25 Node=0 LogicalClock=161
[INTERNAL] SysTime=15:31:26 Node=0 LogicalClock=162
[INTERNAL] SysTime=15:31:26 Node=0 LogicalClock=163
[INTERNAL] SysTime=15:31:26 Node=0 LogicalClock=164
[SEND to 1] SysTime=15:31:26 LogicalClock=165
[INTERNAL] SysTime=15:31:26 Node=0 LogicalClock=166
[RECEIVE] SysTime=15:31:26 Node=0 From=1 QueueLen=0 LogicalClock=168
[INTERNAL] SysTime=15:31:26 Node=0 LogicalClock=169
[RECEIVE] SysTime=15:31:26 Node=0 From=1 QueueLen=0 LogicalClock=170
[INTERNAL] SysTime=15:31:27 Node=0 LogicalClock=171
[INTERNAL] SysTime=15:31:27 Node=0 LogicalClock=172
[SEND to 1] SysTime=15:31:27 LogicalClock=173
[SEND to 2] SysTime=15:31:27 LogicalClock=173
[INTERNAL] SysTime=15:31:27 Node=0 LogicalClock=174
[INTERNAL] SysTime=15:31:27 Node=0 LogicalClock=175
[INTERNAL] SysTime=15:31:28 Node=0 LogicalClock=176
[INTERNAL] SysTime=15:31:28 Node=0 LogicalClock=177
[RECEIVE] SysTime=15:31:28 Node=0 From=1 QueueLen=0 LogicalClock=178
[INTERNAL] SysTime=15:31:28 Node=0 LogicalClock=179
[INTERNAL] SysTime=15:31:28 Node=0 LogicalClock=180
[RECEIVE] SysTime=15:31:29 Node=0 From=2 QueueLen=0 LogicalClock=181
[INTERNAL] SysTime=15:31:29 Node=0 LogicalClock=182
[INTERNAL] SysTime=15:31:29 Node=0 LogicalClock=183
[INTERNAL] SysTime=15:31:29 Node=0 LogicalClock=184
[RECEIVE] SysTime=15:31:29 Node=0 From=1 QueueLen=0 LogicalClock=185
[INTERNAL] SysTime=15:31:30 Node=0 LogicalClock=186
[SEND to 2] SysTime=15:31:30 LogicalClock=187
[SEND to 1] SysTime=15:31:30 LogicalClock=188
[SEND to 2] SysTime=15:31:30 LogicalClock=189
[SEND to 1] SysTime=15:31:30 LogicalClock=190
[SEND to 2] SysTime=15:31:30 LogicalClock=190
[INTERNAL] SysTime=15:31:31 Node=0 LogicalClock=191
[INTERNAL] SysTime=15:31:31 Node=0 LogicalClock=192
[INTERNAL] SysTime=15:31:31 Node=0 LogicalClock=193
[INTERNAL] SysTime=15:31:31 Node=0 LogicalClock=194
[INTERNAL] SysTime=15:31:31 Node=0 LogicalClock=195
[RECEIVE] SysTime=15:31:32 Node=0 From=2 QueueLen=0 LogicalClock=196
[INTERNAL] SysTime=15:31:32 Node=0 LogicalClock=197
[RECEIVE] SysTime=15:31:32 Node=0 From=1 QueueLen=0 LogicalClock=198
[SEND to 2] SysTime=15:31:32 LogicalClock=199
[RECEIVE] SysTime=15:31:32 Node=0 From=1 QueueLen=0 LogicalClock=200
[INTERNAL] SysTime=15:31:33 Node=0 LogicalClock=201
[INTERNAL] SysTime=15:31:33 Node=0 LogicalClock=202
[RECEIVE] SysTime=15:31:33 Node=0 From=1 QueueLen=0 LogicalClock=203
[INTERNAL] SysTime=15:31:33 Node=0 LogicalClock=204
[INTERNAL] SysTime=15:31:33 Node=0 LogicalClock=205
[INTERNAL] SysTime=15:31:34 Node=0 LogicalClock=206
[INTERNAL] SysTime=15:31:34 Node=0 LogicalClock=207
[INTERNAL] SysTime=15:31:34 Node=0 LogicalClock=208
[SEND to 1] SysTime=15:31:34 LogicalClock=209
[SEND to 2] SysTime=15:31:34 LogicalClock=209
[INTERNAL] SysTime=15:31:34 Node=0 LogicalClock=210
[SEND to 1] SysTime=15:31:35 LogicalClock=211
[SEND to 1] SysTime=15:31:35 LogicalClock=212
[INTERNAL] SysTime=15:31:35 Node=0 LogicalClock=213
[INTERNAL] SysTime=15:31:35 Node=0 LogicalClock=214
[INTERNAL] SysTime=15:31:35 Node=0 LogicalClock=215
[RECEIVE] SysTime=15:31:36 Node=0 From=1 QueueLen=0 LogicalClock=216
[SEND to 1] SysTime=15:31:36 LogicalClock=217
[SEND to 2] SysTime=15:31:36 LogicalClock=217
[SEND to 1] SysTime=15:31:36 LogicalClock=218
[SEND to 2] SysTime=15:31:36 LogicalClock=218
[SEND to 1] SysTime=15:31:36 LogicalClock=219
[SEND to 2] SysTime=15:31:36 LogicalClock=220
[INTERNAL] SysTime=15:31:37 Node=0 LogicalClock=221
[SEND to 1] SysTime=15:31:37 LogicalClock=222
[INTERNAL] SysTime=15:31:37 Node=0 LogicalClock=223
[INTERNAL] SysTime=15:31:37 Node=0 LogicalClock=224
[RECEIVE] SysTime=15:31:37 Node=0 From=1 QueueLen=0 LogicalClock=225
[INTERNAL] SysTime=15:31:38 Node=0 LogicalClock=226
[INTERNAL] SysTime=15:31:38 Node=0 LogicalClock=227
[SEND to 2] SysTime=15:31:38 LogicalClock=228
[INTERNAL] SysTime=15:31:38 Node=0 LogicalClock=229
[INTERNAL] SysTime=15:31:38 Node=0 LogicalClock=230
[SEND to 1] SysTime=15:31:39 LogicalClock=231
[INTERNAL] SysTime=15:31:39 Node=0 LogicalClock=232
[INTERNAL] SysTime=15:31:39 Node=0 LogicalClock=233
[RECEIVE] SysTime=15:31:39 Node=0 From=1 QueueLen=0 LogicalClock=234
[RECEIVE] SysTime=15:31:39 Node=0 From=1 QueueLen=0 LogicalClock=235
[SEND to 1] SysTime=15:31:40 LogicalClock=236
[SEND to 2] SysTime=15:31:40 LogicalClock=236
[INTERNAL] SysTime=15:31:40 Node=0 LogicalClock=237
[INTERNAL] SysTime=15:31:40 Node=0 LogicalClock=238
[SEND to 1] SysTime=15:31:40 LogicalClock=239
[INTERNAL] SysTime=15:31:40 Node=0 LogicalClock=240
[SEND to 1] SysTime=15:31:41 LogicalClock=241
[SEND to 2] SysTime=15:31:41 LogicalClock=241
[INTERNAL] SysTime=15:31:41 Node=0 LogicalClock=242
[SEND to 1] SysTime=15:31:41 LogicalClock=243
[SEND to 2] SysTime=15:31:41 LogicalClock=243
[INTERNAL] SysTime=15:31:41 Node=0 LogicalClock=244
[RECEIVE] SysTime=15:31:41 Node=0 From=1 QueueLen=0 LogicalClock=245
[SEND to 1] SysTime=15:31:42 LogicalClock=246
[SEND to 2] SysTime=15:31:42 LogicalClock=246
[INTERNAL] SysTime=15:31:42 Node=0 LogicalClock=247
[INTERNAL] SysTime=15:31:42 Node=0 LogicalClock=248
[INTERNAL] SysTime=15:31:42 Node=0 LogicalClock=249
[SEND to 1] SysTime=15:31:42 LogicalClock=250
[SEND to 2] SysTime=15:31:42 LogicalClock=250
[INTERNAL] SysTime=15:31:43 Node=0 LogicalClock=251
[SEND to 1] SysTime=15:31:43 LogicalClock=252
[INTERNAL] SysTime=15:31:43 Node=0 LogicalClock=253
[INTERNAL] SysTime=15:31:43 Node=0 LogicalClock=254
[RECEIVE] SysTime=15:31:43 Node=0 From=1 QueueLen=0 LogicalClock=255
[RECEIVE] SysTime=15:31:44 Node=0 From=1 QueueLen=0 LogicalClock=256
[INTERNAL] SysTime=15:31:44 Node=0 LogicalClock=257
[SEND to 1] SysTime=15:31:44 LogicalClock=258
[INTERNAL] SysTime=15:31:44 Node=0 LogicalClock=259
[SEND to 1] SysTime=15:31:44 LogicalClock=260
[INTERNAL] SysTime=15:31:45 Node=0 LogicalClock=261
[SEND to 1] SysTime=15:31:45 LogicalClock=262
[SEND to 2] SysTime=15:31:45 LogicalClock=262
[INTERNAL] SysTime=15:31:45 Node=0 LogicalClock=263
[INTERNAL] SysTime=15:31:45 Node=0 LogicalClock=264
[SEND to 1] SysTime=15:31:45 LogicalClock=265
[RECEIVE] SysTime=15:31:46 Node=0 From=2 QueueLen=0 LogicalClock=266
[SEND to 1] SysTime=15:31:46 LogicalClock=267
[SEND to 2] SysTime=15:31:46 LogicalClock=267
[SEND to 1] SysTime=15:31:46 LogicalClock=268
[SEND to 2] SysTime=15:31:46 LogicalClock=268
[INTERNAL] SysTime=15:31:46 Node=0 LogicalClock=269
[SEND to 2] SysTime=15:31:46 LogicalClock=270
[RECEIVE] SysTime=15:31:47 Node=0 From=1 QueueLen=0 LogicalClock=271
[INTERNAL] SysTime=15:31:47 Node=0 LogicalClock=272
[INTERNAL] SysTime=15:31:47 Node=0 LogicalClock=273
[RECEIVE] SysTime=15:31:47 Node=0 From=2 QueueLen=0 LogicalClock=274
[INTERNAL] SysTime=15:31:47 Node=0 LogicalClock=275
[RECEIVE] SysTime=15:31:48 Node=0 From=2 QueueLen=0 LogicalClock=276
[INTERNAL] SysTime=15:31:48 Node=0 LogicalClock=277
[INTERNAL] SysTime=15:31:48 Node=0 LogicalClock=278
[INTERNAL] SysTime=15:31:48 Node=0 LogicalClock=279
[SEND to 2] SysTime=15:31:48 LogicalClock=280
[SEND to 1] SysTime=15:31:49 LogicalClock=281
[SEND to 2] SysTime=15:31:49 LogicalClock=281
[INTERNAL] SysTime=15:31:49 Node=0 LogicalClock=282
[INTERNAL] SysTime=15:31:49 Node=0 LogicalClock=283
[INTERNAL] SysTime=15:31:49 Node=0 LogicalClock=284
[SEND to 1] SysTime=15:31:49 LogicalClock=285
[INTERNAL] SysTime=15:31:50 Node=0 LogicalClock=286
[INTERNAL] SysTime=15:31:50 Node=0 LogicalClock=287
[INTERNAL] SysTime=15:31:50 Node=0 LogicalClock=288
[INTERNAL] SysTime=15:31:50 Node=0 LogicalClock=289
[INTERNAL] SysTime=15:31:50 Node=0 LogicalClock=290
[SEND to 2] SysTime=15:31:51 LogicalClock=291
[INTERNAL] SysTime=15:31:51 Node=0 LogicalClock=292
[INTERNAL] SysTime=15:31:51 Node=0 LogicalClock=293
[SEND to 1] SysTime=15:31:51 LogicalClock=294
[INTERNAL] SysTime=15:31:51 Node=0 LogicalClock=295
[INTERNAL] SysTime=15:31:52 Node=0 LogicalClock=296
[SEND to 1] SysTime=15:31:52 LogicalClock=297
[SEND to 2] SysTime=15:31:52 LogicalClock=297
[INTERNAL] SysTime=15:31:52 Node=0 LogicalClock=298
[RECEIVE] SysTime=15:31:52 Node=0 From=1 QueueLen=1 LogicalClock=299
[RECEIVE] SysTime=15:31:52 Node=0 From=2 QueueLen=0 LogicalClock=300
[INTERNAL] SysTime=15:31:53 Node=0 LogicalClock=301
[INFO]: Shutting down
[INFO]: Shut down
