[INIT]
[INFO]: Binding to port 17051
[INFO]: Listening on port 17051
[INFO]: Waiting for connect
[INFO]: Accepted channel from rank 0
[INFO]: Connected to rank 2
[INFO]: Rank=1 ClockRate=4
[SEND to 0] SysTime=15:30:53 LogicalClock=1
[SEND to 2] SysTime=15:30:53 LogicalClock=1
[RECEIVE] SysTime=15:30:53 Node=1 From=2 QueueLen=0 LogicalClock=2
[INTERNAL] SysTime=15:30:53 Node=1 LogicalClock=3
[INTERNAL] SysTime=15:30:54 Node=1 LogicalClock=4
[RECEIVE] SysTime=15:30:54 Node=1 From=0 QueueLen=0 LogicalClock=6
[SEND to 0] SysTime=15:30:54 LogicalClock=7
[SEND to 2] SysTime=15:30:54 LogicalClock=7
[INTERNAL] SysTime=15:30:54 Node=1 LogicalClock=8
[INTERNAL] SysTime=15:30:55 Node=1 LogicalClock=9
[INTERNAL] SysTime=15:30:55 Node=1 LogicalClock=10
[INTERNAL] SysTime=15:30:55 Node=1 LogicalClock=11
[RECEIVE] SysTime=15:30:55 Node=1 From=2 QueueLen=0 LogicalClock=12
[INTERNAL] SysTime=15:30:56 Node=1 LogicalClock=13
[SEND to 0] SysTime=15:30:56 LogicalClock=14
[SEND to 2] SysTime=15:30:56 LogicalClock=14
[SEND to 0] SysTime=15:30:56 LogicalClock=15
[INTERNAL] SysTime=15:30:56 Node=1 LogicalClock=16
[INTERNAL] SysTime=15:30:57 Node=1 LogicalClock=17
[RECEIVE] SysTime=15:30:57 Node=1 From=0 QueueLen=1 LogicalClock=20
[RECEIVE] SysTime=15:30:57 Node=1 From=0 QueueLen=0 LogicalClock=21
[INTERNAL] SysTime=15:30:57 Node=1 LogicalClock=22
[RECEIVE] SysTime=15:30:58 Node=1 From=0 QueueLen=0 LogicalClock=24
[INTERNAL] SysTime=15:30:58 Node=1 LogicalClock=25
[INTERNAL] SysTime=15:30:58 Node=1 LogicalClock=26
[INTERNAL] SysTime=15:30:58 Node=1 LogicalClock=27
[RECEIVE] SysTime=15:30:59 Node=1 From=0 QueueLen=0 LogicalClock=29
[RECEIVE] SysTime=15:30:59 Node=1 From=0 QueueLen=0 LogicalClock=30
[SEND to 0] SysTime=15:30:59 LogicalClock=31
[RECEIVE] SysTime=15:30:59 Node=1 From=2 QueueLen=0 LogicalClock=32
[SEND to 2] SysTime=15:31:00 LogicalClock=33
[RECEIVE] SysTime=15:31:00 Node=1 From=0 QueueLen=0 LogicalClock=35
[INTERNAL] SysTime=15:31:00 Node=1 LogicalClock=36
[SEND to 0] SysTime=15:31:00 LogicalClock=37
[SEND to 2] SysTime=15:31:00 LogicalClock=37
[INTERNAL] SysTime=15:31:01 Node=1 LogicalClock=38
[RECEIVE] SysTime=15:31:01 Node=1 From=0 QueueLen=0 LogicalClock=40
[RECEIVE] SysTime=15:31:01 Node=1 From=2 QueueLen=0 LogicalClock=41
[SEND to 0] SysTime=15:31:01 LogicalClock=42
[SEND to 2] SysTime=15:31:01 LogicalClock=42
[SEND to 2] SysTime=15:31:02 LogicalClock=43
[RECEIVE] SysTime=15:31:02 Node=1 From=0 QueueLen=0 LogicalClock=46
[SEND to 0] SysTime=15:31:02 LogicalClock=47
[RECEIVE] SysTime=15:31:02 Node=1 From=2 QueueLen=0 LogicalClock=48
[INTERNAL] SysTime=15:31:03 Node=1 LogicalClock=49
[RECEIVE] SysTime=15:31:03 Node=1 From=0 QueueLen=0 LogicalClock=51
[RECEIVE] SysTime=15:31:03 Node=1 From=0 QueueLen=0 LogicalClock=52
[RECEIVE] SysTime=15:31:03 Node=1 From=0 QueueLen=0 LogicalClock=53
[INTERNAL] SysTime=15:31:04 Node=1 LogicalClock=54
[INTERNAL] SysTime=15:31:04 Node=1 LogicalClock=55
[RECEIVE] SysTime=15:31:04 Node=1 From=0 QueueLen=0 LogicalClock=57
[RECEIVE] SysTime=15:31:04 Node=1 From=0 QueueLen=0 LogicalClock=58
[INTERNAL] SysTime=15:31:05 Node=1 LogicalClock=59
[INTERNAL] SysTime=15:31:05 Node=1 LogicalClock=60
[RECEIVE] SysTime=15:31:05 Node=1 From=0 QueueLen=0 LogicalClock=62
[RECEIVE] SysTime=15:31:05 Node=1 From=0 QueueLen=0 LogicalClock=63
[INTERNAL] SysTime=15:31:06 Node=1 LogicalClock=64
[INTERNAL] SysTime=15:31:06 Node=1 LogicalClock=65
[RECEIVE] SysTime=15:31:06 Node=1 From=0 QueueLen=0 LogicalClock=67
[RECEIVE] SysTime=15:31:06 Node=1 From=0 QueueLen=0 LogicalClock=68
[INTERNAL] SysTime=15:31:07 Node=1 LogicalClock=69
[SEND to 0] SysTime=15:31:07 LogicalClock=70
[INTERNAL] SysTime=15:31:07 Node=1 LogicalClock=71
[RECEIVE] SysTime=15:31:07 Node=1 From=2 QueueLen=0 LogicalClock=72
[RECEIVE] SysTime=15:31:08 Node=1 From=2 QueueLen=0 LogicalClock=73
[SEND to 0] SysTime=15:31:08 LogicalClock=74
[SEND to 0] SysTime=15:31:08 LogicalClock=75
[INTERNAL] SysTime=15:31:08 Node=1 LogicalClock=76
[INTERNAL] SysTime=15:31:09 Node=1 LogicalClock=77
[RECEIVE] SysTime=15:31:09 Node=1 From=0 QueueLen=0 LogicalClock=80
[INTERNAL] SysTime=15:31:09 Node=1 LogicalClock=81
[INTERNAL] SysTime=15:31:09 Node=1 LogicalClock=82
[INTERNAL] SysTime=15:31:10 Node=1 LogicalClock=83
[INTERNAL] SysTime=15:31:10 Node=1 LogicalClock=84
[SEND to 0] SysTime=15:31:10 LogicalClock=85
[INTERNAL] SysTime=15:31:10 Node=1 LogicalClock=86
[INTERNAL] SysTime=15:31:11 Node=1 LogicalClock=87
[SEND to 0] SysTime=15:31:11 LogicalClock=88
[INTERNAL] SysTime=15:31:11 Node=1 LogicalClock=89
[RECEIVE] SysTime=15:31:11 Node=1 From=2 QueueLen=0 LogicalClock=91
[SEND to 2] SysTime=15:31:12 LogicalClock=92
[SEND to 0] SysTime=15:31:12 LogicalClock=93
[INTERNAL] SysTime=15:31:12 Node=1 LogicalClock=94
[INTERNAL] SysTime=15:31:12 Node=1 LogicalClock=95
[RECEIVE] SysTime=15:31:13 Node=1 From=0 QueueLen=0 LogicalClock=99
[RECEIVE] SysTime=15:31:13 Node=1 From=0 QueueLen=0 LogicalClock=100
[RECEIVE] SysTime=15:31:13 Node=1 From=0 QueueLen=0 LogicalClock=102
[SEND to 2] SysTime=15:31:13 LogicalClock=103
[SEND to 0] SysTime=15:31:14 LogicalClock=104
[SEND to 2] SysTime=15:31:14 LogicalClock=104
[INTERNAL] SysTime=15:31:14 Node=1 LogicalClock=105
[SEND to 0] SysTime=15:31:14 LogicalClock=106
[INTERNAL] SysTime=15:31:14 Node=1 LogicalClock=107
[SEND to 0] SysTime=15:31:15 LogicalClock=108
[RECEIVE] SysTime=15:31:15 Node=1 From=0 QueueLen=0 LogicalClock=111
[INTERNAL] SysTime=15:31:15 Node=1 LogicalClock=112
[SEND to 0] SysTime=15:31:15 LogicalClock=113
[SEND to 2] SysTime=15:31:15 LogicalClock=113
[INTERNAL] SysTime=15:31:16 Node=1 LogicalClock=114
[RECEIVE] SysTime=15:31:16 Node=1 From=0 QueueLen=0 LogicalClock=115
[INTERNAL] SysTime=15:31:16 Node=1 LogicalClock=116
[RECEIVE] SysTime=15:31:16 Node=1 From=2 QueueLen=0 LogicalClock=117
[SEND to 0] SysTime=15:31:17 LogicalClock=118
[INTERNAL] SysTime=15:31:17 Node=1 LogicalClock=119
[RECEIVE] SysTime=15:31:17 Node=1 From=0 QueueLen=0 LogicalClock=122
[RECEIVE] SysTime=15:31:17 Node=1 From=0 QueueLen=0 LogicalClock=123
[INTERNAL] SysTime=15:31:18 Node=1 LogicalClock=124
[SEND to 0] SysTime=15:31:18 LogicalClock=125
[INTERNAL] SysTime=15:31:18 Node=1 LogicalClock=126
[RECEIVE] SysTime=15:31:18 Node=1 From=2 QueueLen=0 LogicalClock=127
[SEND to 0] SysTime=15:31:19 LogicalClock=128
[RECEIVE] SysTime=15:31:19 Node=1 From=0 QueueLen=0 LogicalClock=131
[SEND to 0] SysTime=15:31:19 LogicalClock=132
[SEND to 2] SysTime=15:31:19 LogicalClock=132
[INTERNAL] SysTime=15:31:19 Node=1 LogicalClock=133
[RECEIVE] SysTime=15:31:20 Node=1 From=0 QueueLen=0 LogicalClock=134
[SEND to 0] SysTime=15:31:20 LogicalClock=135
[SEND to 2] SysTime=15:31:20 LogicalClock=135
[INTERNAL] SysTime=15:31:20 Node=1 LogicalClock=136
[SEND to 0] SysTime=15:31:20 LogicalClock=137
[SEND to 2] SysTime=15:31:20 LogicalClock=137
[INTERNAL] SysTime=15:31:21 Node=1 LogicalClock=138
[INTERNAL] SysTime=15:31:21 Node=1 LogicalClock=139
[SEND to 0] SysTime=15:31:21 LogicalClock=140
[SEND to 2] SysTime=15:31:21 LogicalClock=140
[INTERNAL] SysTime=15:31:21 Node=1 LogicalClock=141
[SEND to 0] SysTime=15:31:22 LogicalClock=142
[RECEIVE] SysTime=15:31:22 Node=1 From=0 QueueLen=0 LogicalClock=146
[RECEIVE] SysTime=15:31:22 Node=1 From=2 QueueLen=0 LogicalClock=147
[RECEIVE] SysTime=15:31:22 Node=1 From=2 QueueLen=0 LogicalClock=148
[INTERNAL] SysTime=15:31:23 Node=1 LogicalClock=149
[RECEIVE] SysTime=15:31:23 Node=1 From=0 QueueLen=0 LogicalClock=150
[INTERNAL] SysTime=15:31:23 Node=1 LogicalClock=151
[INTERNAL] SysTime=15:31:23 Node=1 LogicalClock=152
[INTERNAL] SysTime=15:31:24 Node=1 LogicalClock=153
[INTERNAL] SysTime=15:31:24 Node=1 LogicalClock=154
[INTERNAL] SysTime=15:31:24 Node=1 LogicalClock=155
[INTERNAL] SysTime=15:31:24 Node=1 LogicalClock=156
[INTERNAL] SysTime=15:31:25 Node=1 LogicalClock=157
[RECEIVE] SysTime=15:31:25 Node=1 From=0 QueueLen=0 LogicalClock=160
[RECEIVE] SysTime=15:31:26 Node=1 From=0 QueueLen=0 LogicalClock=165
[INTERNAL] SysTime=15:31:26 Node=1 LogicalClock=166
[INTERNAL] SysTime=15:31:26 Node=1 LogicalClock=167
[SEND to 0] SysTime=15:31:26 LogicalClock=168
[INTERNAL] SysTime=15:31:26 Node=1 LogicalClock=169
[SEND to 0] SysTime=15:31:26 LogicalClock=170
[SEND to 2] SysTime=15:31:26 LogicalClock=170
[INTERNAL] SysTime=15:31:27 Node=1 LogicalClock=171
[INTERNAL] SysTime=15:31:27 Node=1 LogicalClock=172
[RECEIVE] SysTime=15:31:27 Node=1 From=0 QueueLen=0 LogicalClock=173
[INTERNAL] SysTime=15:31:27 Node=1 LogicalClock=174
[RECEIVE] SysTime=15:31:28 Node=1 From=2 QueueLen=0 LogicalClock=175
[SEND to 0] SysTime=15:31:28 LogicalClock=176
[SEND to 2] SysTime=15:31:28 LogicalClock=176
[INTERNAL] SysTime=15:31:28 Node=1 LogicalClock=177
[INTERNAL] SysTime=15:31:28 Node=1 LogicalClock=178
[INTERNAL] SysTime=15:31:29 Node=1 LogicalClock=179
[INTERNAL] SysTime=15:31:29 Node=1 LogicalClock=180
[RECEIVE] SysTime=15:31:29 Node=1 From=2 QueueLen=0 LogicalClock=181
[SEND to 0] SysTime=15:31:29 LogicalClock=182
[INTERNAL] SysTime=15:31:30 Node=1 LogicalClock=183
[INTERNAL] SysTime=15:31:30 Node=1 LogicalClock=184
[RECEIVE] SysTime=15:31:30 Node=1 From=0 QueueLen=0 LogicalClock=188
[INTERNAL] SysTime=15:31:30 Node=1 LogicalClock=189
[RECEIVE] SysTime=15:31:31 Node=1 From=0 QueueLen=0 LogicalClock=190
[INTERNAL] SysTime=15:31:31 Node=1 LogicalClock=191
[INTERNAL] SysTime=15:31:31 Node=1 LogicalClock=192
[INTERNAL] SysTime=15:31:31 Node=1 LogicalClock=193
[RECEIVE] SysTime=15:31:32 Node=1 From=2 QueueLen=0 LogicalClock=194
[SEND to 0] SysTime=15:31:32 LogicalClock=195
[SEND to 2] SysTime=15:31:32 LogicalClock=195
[INTERNAL] SysTime=15:31:32 Node=1 LogicalClock=196
[SEND to 0] SysTime=15:31:32 LogicalClock=197
[SEND to 2] SysTime=15:31:33 LogicalClock=198
[SEND to 0] SysTime=15:31:33 LogicalClock=199
[SEND to 2] SysTime=15:31:33 LogicalClock=199
[INTERNAL] SysTime=15:31:33 Node=1 LogicalClock=200
[INTERNAL] SysTime=15:31:33 Node=1 LogicalClock=201
[INTERNAL] SysTime=15:31:34 Node=1 LogicalClock=202
[INTERNAL] SysTime=15:31:34 Node=1 LogicalClock=203
[RECEIVE] SysTime=15:31:34 Node=1 From=2 QueueLen=0 LogicalClock=204
[RECEIVE] SysTime=15:31:34 Node=1 From=0 QueueLen=0 LogicalClock=209
[INTERNAL] SysTime=15:31:35 Node=1 LogicalClock=210
[RECEIVE] SysTime=15:31:35 Node=1 From=0 QueueLen=1 LogicalClock=211
[RECEIVE] SysTime=15:31:35 Node=1 From=0 QueueLen=0 LogicalClock=212
[INTERNAL] SysTime=15:31:35 Node=1 LogicalClock=213
[SEND to 0] SysTime=15:31:36 LogicalClock=214
[RECEIVE] SysTime=15:31:36 Node=1 From=0 QueueLen=0 LogicalClock=217
[RECEIVE] SysTime=15:31:36 Node=1 From=0 QueueLen=0 LogicalClock=218
[RECEIVE] SysTime=15:31:36 Node=1 From=0 QueueLen=0 LogicalClock=219
[INTERNAL] SysTime=15:31:37 Node=1 LogicalClock=220
[RECEIVE] SysTime=15:31:37 Node=1 From=0 QueueLen=0 LogicalClock=222
[INTERNAL] SysTime=15:31:37 Node=1 LogicalClock=223
[SEND to 0] SysTime=15:31:37 LogicalClock=224
[SEND to 2] SysTime=15:31:38 LogicalClock=225
[INTERNAL] SysTime=15:31:38 Node=1 LogicalClock=226
[INTERNAL] SysTime=15:31:38 Node=1 LogicalClock=227
[INTERNAL] SysTime=15:31:38 Node=1 LogicalClock=228
[INTERNAL] SysTime=15:31:39 Node=1 LogicalClock=229
[RECEIVE] SysTime=15:31:39 Node=1 From=0 QueueLen=0 LogicalClock=231
[SEND to 0] SysTime=15:31:39 LogicalClock=232
[SEND to 2] SysTime=15:31:39 LogicalClock=232
[SEND to 0] SysTime=15:31:39 LogicalClock=233
[SEND to 2] SysTime=15:31:39 LogicalClock=233
[INTERNAL] SysTime=15:31:40 Node=1 LogicalClock=234
[RECEIVE] SysTime=15:31:40 Node=1 From=0 QueueLen=0 LogicalClock=236
[INTERNAL] SysTime=15:31:40 Node=1 LogicalClock=237
[RECEIVE] SysTime=15:31:40 Node=1 From=0 QueueLen=0 LogicalClock=239
[INTERNAL] SysTime=15:31:41 Node=1 LogicalClock=240
[RECEIVE] SysTime=15:31:41 Node=1 From=0 QueueLen=0 LogicalClock=241
[RECEIVE] SysTime=15:31:41 Node=1 From=0 QueueLen=0 LogicalClock=243
[SEND to 0] SysTime=15:31:41 LogicalClock=244
[SEND to 2] SysTime=15:31:41 LogicalClock=244
[SEND to 2] SysTime=15:31:42 LogicalClock=245
[RECEIVE] SysTime=15:31:42 Node=1 From=0 QueueLen=0 LogicalClock=246
[INTERNAL] SysTime=15:31:42 Node=1 LogicalClock=247
[SEND to 2] SysTime=15:31:42 LogicalClock=248
[RECEIVE] SysTime=15:31:43 Node=1 From=0 QueueLen=0 LogicalClock=250
[RECEIVE] SysTime=15:31:43 Node=1 From=0 QueueLen=0 LogicalClock=252
[SEND to 2] SysTime=15:31:43 LogicalClock=253
[SEND to 0] SysTime=15:31:43 LogicalClock=254
[SEND to 2] SysTime=15:31:43 LogicalClock=254
[SEND to 0] SysTime=15:31:44 LogicalClock=255
[SEND to 2] SysTime=15:31:44 LogicalClock=255
[INTERNAL] SysTime=15:31:44 Node=1 LogicalClock=256
[RECEIVE] SysTime=15:31:44 Node=1 From=0 QueueLen=0 LogicalClock=258
[INTERNAL] SysTime=15:31:44 Node=1 LogicalClock=259
[RECEIVE] SysTime=15:31:45 Node=1 From=0 QueueLen=0 LogicalClock=260
[RECEIVE] SysTime=15:31:45 Node=1 From=0 QueueLen=0 LogicalClock=262
[INTERNAL] SysTime=15:31:45 Node=1 LogicalClock=263
[INTERNAL] SysTime=15:31:45 Node=1 LogicalClock=264
[RECEIVE] SysTime=15:31:46 Node=1 From=0 QueueLen=0 LogicalClock=265
[RECEIVE] SysTime=15:31:46 Node=1 From=0 QueueLen=0 LogicalClock=267
[RECEIVE] SysTime=15:31:46 Node=1 From=0 QueueLen=0 LogicalClock=268
[INTERNAL] SysTime=15:31:46 Node=1 LogicalClock=269
[SEND to 0] SysTime=15:31:47 LogicalClock=270
[INTERNAL] SysTime=15:31:47 Node=1 LogicalClock=271
[INTERNAL] SysTime=15:31:47 Node=1 LogicalClock=272
[RECEIVE] SysTime=15:31:47 Node=1 From=2 QueueLen=0 LogicalClock=273
[SEND to 2] SysTime=15:31:48 LogicalClock=274
[INTERNAL] SysTime=15:31:48 Node=1 LogicalClock=275
[INTERNAL] SysTime=15:31:48 Node=1 LogicalClock=276
[INTERNAL] SysTime=15:31:48 Node=1 LogicalClock=277
[SEND to 2] SysTime=15:31:49 LogicalClock=278
[RECEIVE] SysTime=15:31:49 Node=1 From=0 QueueLen=0 LogicalClock=281
[SEND to 2] SysTime=15:31:49 LogicalClock=282
[INTERNAL] SysTime=15:31:49 Node=1 LogicalClock=283
[RECEIVE] SysTime=15:31:50 Node=1 From=0 QueueLen=0 LogicalClock=285
[INTERNAL] SysTime=15:31:50 Node=1 LogicalClock=286
[INTERNAL] SysTime=15:31:50 Node=1 LogicalClock=287
[INTERNAL] SysTime=15:31:50 Node=1 LogicalClock=288
[INTERNAL] SysTime=15:31:51 Node=1 LogicalClock=289
[SEND to 2] SysTime=15:31:51 LogicalClock=290
[INTERNAL] SysTime=15:31:51 Node=1 LogicalClock=291
[RECEIVE] SysTime=15:31:51 Node=1 From=0 QueueLen=0 LogicalClock=294
[INTERNAL] SysTime=15:31:52 Node=1 LogicalClock=295
[RECEIVE] SysTime=15:31:52 Node=1 From=0 QueueLen=0 LogicalClock=297
[SEND to 0] SysTime=15:31:52 LogicalClock=298
[SEND to 2] SysTime=15:31:52 LogicalClock=299
[INTERNAL] SysTime=15:31:53 Node=1 LogicalClock=300
[INFO]: Shutting down
[INFO]: Shut down
